This file contains any messages produced by compilers while
running configure, to aid debugging if configure makes a mistake.

It was created by LZO configure 2.10, which was
generated by GNU Autoconf 2.69.  Invocation command line was

  $ ./configure --prefix=/Users/yimingz/X/source/shareDT/contrib/lzo-2.10/install/

## --------- ##
## Platform. ##
## --------- ##

hostname = yimingz-MBP-ACC16
uname -m = x86_64
uname -r = 19.6.0
uname -s = Darwin
uname -v = Darwin Kernel Version 19.6.0: Thu Oct 29 22:56:45 PDT 2020; root:xnu-6153.141.2.2~1/RELEASE_X86_64

/usr/bin/uname -p = i386
/bin/uname -X     = unknown

/bin/arch              = unknown
/usr/bin/arch -k       = unknown
/usr/convex/getsysinfo = unknown
/usr/bin/hostinfo      = Mach kernel version:
	 Darwin Kernel Version 19.6.0: Thu Oct 29 22:56:45 PDT 2020; root:xnu-6153.141.2.2~1/RELEASE_X86_64
Kernel configured for up to 8 processors.
4 processors are physically available.
8 processors are logically available.
Processor type: x86_64h (Intel x86-64h Haswell)
Processors active: 0 1 2 3 4 5 6 7
Primary memory available: 16.00 gigabytes
Default processor set: 471 tasks, 2058 threads, 8 processors
Load average: 5.05, Mach factor: 4.72
/bin/machine           = unknown
/usr/bin/oslevel       = unknown
/bin/universe          = unknown

PATH: /Library/Frameworks/Python.framework/Versions/3.7/bin
PATH: /Users/yimingz/source/develop/main/build/bin
PATH: /usr/local/bin
PATH: /usr/bin
PATH: /bin
PATH: /usr/sbin
PATH: /sbin
PATH: /opt/X11/bin
PATH: /Library/Apple/usr/bin
PATH: /Library/Frameworks/Mono.framework/Versions/Current/Commands
PATH: /Applications/Wireshark.app/Contents/MacOS
PATH: /usr/local/mysql/bin/


## ----------- ##
## Core tests. ##
## ----------- ##

configure:2487: Configuring LZO 2.10
configure:2634: checking build system type
configure:2648: result: x86_64-apple-darwin19.6.0
configure:2668: checking host system type
configure:2681: result: x86_64-apple-darwin19.6.0
configure:2701: checking target system type
configure:2714: result: x86_64-apple-darwin19.6.0
configure:2741: checking whether to enable maintainer-specific portions of Makefiles
configure:2750: result: no
configure:2855: checking for gcc
configure:2871: found /usr/bin/gcc
configure:2882: result: gcc
configure:3111: checking for C compiler version
configure:3120: gcc --version >&5
Apple clang version 12.0.0 (clang-1200.0.32.21)
Target: x86_64-apple-darwin19.6.0
Thread model: posix
InstalledDir: /Applications/Xcode.app/Contents/Developer/Toolchains/XcodeDefault.xctoolchain/usr/bin
Configured with: --prefix=/Applications/Xcode.app/Contents/Developer/usr --with-gxx-include-dir=/Applications/Xcode.app/Contents/Developer/Platforms/MacOSX.platform/Developer/SDKs/MacOSX.sdk/usr/include/c++/4.2.1
configure:3131: $? = 0
configure:3120: gcc -v >&5
Configured with: --prefix=/Applications/Xcode.app/Contents/Developer/usr --with-gxx-include-dir=/Applications/Xcode.app/Contents/Developer/Platforms/MacOSX.platform/Developer/SDKs/MacOSX.sdk/usr/include/c++/4.2.1
Apple clang version 12.0.0 (clang-1200.0.32.21)
Target: x86_64-apple-darwin19.6.0
Thread model: posix
InstalledDir: /Applications/Xcode.app/Contents/Developer/Toolchains/XcodeDefault.xctoolchain/usr/bin
configure:3131: $? = 0
configure:3120: gcc -V >&5
clang: error: argument to '-V' is missing (expected 1 value)
clang: error: no input files
configure:3131: $? = 1
configure:3120: gcc -qversion >&5
clang: error: unknown argument '-qversion'; did you mean '--version'?
clang: error: no input files
configure:3131: $? = 1
configure:3151: checking whether the C compiler works
configure:3173: gcc    conftest.c  >&5
configure:3177: $? = 0
configure:3225: result: yes
configure:3228: checking for C compiler default output file name
configure:3230: result: a.out
configure:3236: checking for suffix of executables
configure:3243: gcc -o conftest    conftest.c  >&5
configure:3247: $? = 0
configure:3269: result: 
configure:3291: checking whether we are cross compiling
configure:3299: gcc -o conftest    conftest.c  >&5
configure:3303: $? = 0
configure:3310: ./conftest
configure:3314: $? = 0
configure:3329: result: no
configure:3334: checking for suffix of object files
configure:3356: gcc -c   conftest.c >&5
configure:3360: $? = 0
configure:3381: result: o
configure:3385: checking whether we are using the GNU C compiler
configure:3404: gcc -c   conftest.c >&5
configure:3404: $? = 0
configure:3413: result: yes
configure:3422: checking whether gcc accepts -g
configure:3442: gcc -c -g  conftest.c >&5
configure:3442: $? = 0
configure:3483: result: yes
configure:3500: checking for gcc option to accept ISO C89
configure:3563: gcc  -c -g -O2  conftest.c >&5
configure:3563: $? = 0
configure:3576: result: none needed
configure:3604: checking whether gcc understands -c and -o together
configure:3626: gcc -c conftest.c -o conftest2.o
configure:3629: $? = 0
configure:3626: gcc -c conftest.c -o conftest2.o
configure:3629: $? = 0
configure:3641: result: yes
configure:3709: checking for ar
configure:3725: found /usr/bin/ar
configure:3736: result: ar
configure:3762: checking the archiver (ar) interface
configure:3778: gcc -c -g -O2  conftest.c >&5
configure:3778: $? = 0
configure:3780: ar cru libconftest.a conftest.o >&5
configure:3783: $? = 0
configure:3811: result: ar
configure:3852: checking for style of include used by make
configure:3880: result: GNU
configure:3912: checking dependency style of gcc
configure:4021: result: gcc3
configure:4041: checking how to run the C preprocessor
configure:4072: gcc -E  conftest.c
configure:4072: $? = 0
configure:4086: gcc -E  conftest.c
conftest.c:9:10: fatal error: 'ac_nonexistent.h' file not found
#include <ac_nonexistent.h>
         ^~~~~~~~~~~~~~~~~~
1 error generated.
configure:4086: $? = 1
configure: failed program was:
| /* confdefs.h */
| #define PACKAGE_NAME "LZO"
| #define PACKAGE_TARNAME "lzo"
| #define PACKAGE_VERSION "2.10"
| #define PACKAGE_STRING "LZO 2.10"
| #define PACKAGE_BUGREPORT "markus@oberhumer.com"
| #define PACKAGE_URL "http://www.oberhumer.com/opensource/lzo/"
| /* end confdefs.h.  */
| #include <ac_nonexistent.h>
configure:4111: result: gcc -E
configure:4131: gcc -E  conftest.c
configure:4131: $? = 0
configure:4145: gcc -E  conftest.c
conftest.c:9:10: fatal error: 'ac_nonexistent.h' file not found
#include <ac_nonexistent.h>
         ^~~~~~~~~~~~~~~~~~
1 error generated.
configure:4145: $? = 1
configure: failed program was:
| /* confdefs.h */
| #define PACKAGE_NAME "LZO"
| #define PACKAGE_TARNAME "lzo"
| #define PACKAGE_VERSION "2.10"
| #define PACKAGE_STRING "LZO 2.10"
| #define PACKAGE_BUGREPORT "markus@oberhumer.com"
| #define PACKAGE_URL "http://www.oberhumer.com/opensource/lzo/"
| /* end confdefs.h.  */
| #include <ac_nonexistent.h>
configure:4174: checking whether the C preprocessor needs special flags
configure:4203: gcc -c -g -O2   conftest.c >&5
configure:4203: $? = 0
configure:4213: result: none needed
configure:4227: checking for an ANSI C-conforming const
configure:4293: gcc -c -g -O2  conftest.c >&5
configure:4293: $? = 0
configure:4300: result: yes
configure:4309: checking for grep that handles long lines and -e
configure:4367: result: /usr/bin/grep
configure:4372: checking for egrep
configure:4434: result: /usr/bin/grep -E
configure:4439: checking for ANSI C header files
configure:4459: gcc -c -g -O2  conftest.c >&5
configure:4459: $? = 0
configure:4532: gcc -o conftest -g -O2   conftest.c  >&5
configure:4532: $? = 0
configure:4532: ./conftest
configure:4532: $? = 0
configure:4543: result: yes
configure:4556: checking for sys/types.h
configure:4556: gcc -c -g -O2  conftest.c >&5
configure:4556: $? = 0
configure:4556: result: yes
configure:4556: checking for sys/stat.h
configure:4556: gcc -c -g -O2  conftest.c >&5
configure:4556: $? = 0
configure:4556: result: yes
configure:4556: checking for stdlib.h
configure:4556: gcc -c -g -O2  conftest.c >&5
configure:4556: $? = 0
configure:4556: result: yes
configure:4556: checking for string.h
configure:4556: gcc -c -g -O2  conftest.c >&5
configure:4556: $? = 0
configure:4556: result: yes
configure:4556: checking for memory.h
configure:4556: gcc -c -g -O2  conftest.c >&5
configure:4556: $? = 0
configure:4556: result: yes
configure:4556: checking for strings.h
configure:4556: gcc -c -g -O2  conftest.c >&5
configure:4556: $? = 0
configure:4556: result: yes
configure:4556: checking for inttypes.h
configure:4556: gcc -c -g -O2  conftest.c >&5
configure:4556: $? = 0
configure:4556: result: yes
configure:4556: checking for stdint.h
configure:4556: gcc -c -g -O2  conftest.c >&5
configure:4556: $? = 0
configure:4556: result: yes
configure:4556: checking for unistd.h
configure:4556: gcc -c -g -O2  conftest.c >&5
configure:4556: $? = 0
configure:4556: result: yes
configure:4569: checking whether byte ordering is bigendian
configure:4584: gcc -c -g -O2  conftest.c >&5
configure:4584: $? = 0
configure:4629: gcc -c -g -O2  conftest.c >&5
configure:4629: $? = 0
configure:4647: gcc -c -g -O2  conftest.c >&5
conftest.c:26:4: error: use of undeclared identifier 'not'
                 not big endian
                 ^
1 error generated.
configure:4647: $? = 1
configure: failed program was:
| /* confdefs.h */
| #define PACKAGE_NAME "LZO"
| #define PACKAGE_TARNAME "lzo"
| #define PACKAGE_VERSION "2.10"
| #define PACKAGE_STRING "LZO 2.10"
| #define PACKAGE_BUGREPORT "markus@oberhumer.com"
| #define PACKAGE_URL "http://www.oberhumer.com/opensource/lzo/"
| #define STDC_HEADERS 1
| #define HAVE_SYS_TYPES_H 1
| #define HAVE_SYS_STAT_H 1
| #define HAVE_STDLIB_H 1
| #define HAVE_STRING_H 1
| #define HAVE_MEMORY_H 1
| #define HAVE_STRINGS_H 1
| #define HAVE_INTTYPES_H 1
| #define HAVE_STDINT_H 1
| #define HAVE_UNISTD_H 1
| /* end confdefs.h.  */
| #include <sys/types.h>
| 		#include <sys/param.h>
| 
| int
| main ()
| {
| #if BYTE_ORDER != BIG_ENDIAN
| 		 not big endian
| 		#endif
| 
|   ;
|   return 0;
| }
configure:4775: result: no
configure:4804: checking for special C compiler options needed for large files
configure:4849: result: no
configure:4855: checking for _FILE_OFFSET_BITS value needed for large files
configure:4880: gcc -c -g -O2  conftest.c >&5
configure:4880: $? = 0
configure:4912: result: no
configure:5014: checking for a BSD-compatible install
configure:5082: result: /usr/bin/install -c
configure:5093: checking whether build environment is sane
configure:5148: result: yes
configure:5296: checking for a thread-safe mkdir -p
configure:5335: result: autoconf/install-sh -c -d
configure:5342: checking for gawk
configure:5372: result: no
configure:5342: checking for mawk
configure:5372: result: no
configure:5342: checking for nawk
configure:5372: result: no
configure:5342: checking for awk
configure:5358: found /usr/bin/awk
configure:5369: result: awk
configure:5380: checking whether make sets $(MAKE)
configure:5402: result: yes
configure:5422: checking whether make supports nested variables
configure:5439: result: yes
configure:5524: checking dependency style of gcc
configure:5635: result: gcc3
configure:5704: checking whether make supports nested variables
configure:5721: result: yes
configure:5845: checking how to print strings
configure:5872: result: printf
configure:5893: checking for a sed that does not truncate output
configure:5957: result: /usr/bin/sed
configure:5975: checking for fgrep
configure:6037: result: /usr/bin/grep -F
configure:6072: checking for ld used by gcc
configure:6139: result: /Applications/Xcode.app/Contents/Developer/Toolchains/XcodeDefault.xctoolchain/usr/bin/ld
configure:6146: checking if the linker (/Applications/Xcode.app/Contents/Developer/Toolchains/XcodeDefault.xctoolchain/usr/bin/ld) is GNU ld
configure:6161: result: no
configure:6173: checking for BSD- or MS-compatible name lister (nm)
configure:6222: result: /usr/bin/nm -B
configure:6352: checking the name lister (/usr/bin/nm -B) interface
configure:6359: gcc -c -g -O2  conftest.c >&5
configure:6362: /usr/bin/nm -B "conftest.o"
configure:6365: output
0000000000000258 S _some_variable
configure:6372: result: BSD nm
configure:6375: checking whether ln -s works
configure:6379: result: yes
configure:6387: checking the maximum length of command line arguments
configure:6518: result: 196608
configure:6566: checking how to convert x86_64-apple-darwin19.6.0 file names to x86_64-apple-darwin19.6.0 format
configure:6606: result: func_convert_file_noop
configure:6613: checking how to convert x86_64-apple-darwin19.6.0 file names to toolchain format
configure:6633: result: func_convert_file_noop
configure:6640: checking for /Applications/Xcode.app/Contents/Developer/Toolchains/XcodeDefault.xctoolchain/usr/bin/ld option to reload object files
configure:6647: result: -r
configure:6721: checking for objdump
configure:6737: found /usr/bin/objdump
configure:6748: result: objdump
configure:6780: checking how to recognize dependent libraries
configure:6977: result: pass_all
configure:7062: checking for dlltool
configure:7092: result: no
configure:7122: checking how to associate runtime and link libraries
configure:7149: result: printf %s\n
configure:7273: checking for archiver @FILE support
configure:7290: gcc -c -g -O2  conftest.c >&5
configure:7290: $? = 0
configure:7293: ar cru libconftest.a @conftest.lst >&5
ar: @conftest.lst: No such file or directory
configure:7296: $? = 1
configure:7316: result: no
configure:7374: checking for strip
configure:7390: found /usr/bin/strip
configure:7401: result: strip
configure:7473: checking for ranlib
configure:7489: found /usr/bin/ranlib
configure:7500: result: ranlib
configure:7602: checking command to parse /usr/bin/nm -B output from gcc object
configure:7755: gcc -c -g -O2  conftest.c >&5
configure:7758: $? = 0
configure:7762: /usr/bin/nm -B conftest.o \| sed -n -e 's/^.*[ ]\([BCDEGRST][BCDEGRST]*\)[ ][ ]*\([_A-Za-z][_A-Za-z0-9]*\)$/\1 \2 \2/p' | sed '/ __gnu_lto/d' \> conftest.nm
configure:7765: $? = 0
cannot find nm_test_var in conftest.nm
configure:7755: gcc -c -g -O2  conftest.c >&5
configure:7758: $? = 0
configure:7762: /usr/bin/nm -B conftest.o \| sed -n -e 's/^.*[ ]\([BCDEGRST][BCDEGRST]*\)[ ][ ]*_\([_A-Za-z][_A-Za-z0-9]*\)$/\1 _\2 \2/p' | sed '/ __gnu_lto/d' \> conftest.nm
configure:7765: $? = 0
configure:7831: gcc -o conftest -g -O2   conftest.c conftstm.o >&5
warning: (x86_64)  could not find object file symbol for symbol _main
configure:7834: $? = 0
configure:7872: result: ok
configure:7919: checking for sysroot
configure:7949: result: no
configure:8262: checking for mt
configure:8292: result: no
configure:8312: checking if : is a manifest tool
configure:8318: : '-?'
configure:8326: result: no
configure:8382: checking for dsymutil
configure:8398: found /usr/bin/dsymutil
configure:8409: result: dsymutil
configure:8474: checking for nmedit
configure:8490: found /usr/bin/nmedit
configure:8501: result: nmedit
configure:8566: checking for lipo
configure:8582: found /usr/bin/lipo
configure:8593: result: lipo
configure:8658: checking for otool
configure:8674: found /usr/bin/otool
configure:8685: result: otool
configure:8750: checking for otool64
configure:8780: result: no
configure:8825: checking for -single_module linker flag
gcc -g -O2  -o libconftest.dylib -dynamiclib -Wl,-single_module conftest.c
configure:8858: result: yes
configure:8861: checking for -exported_symbols_list linker flag
configure:8881: gcc -o conftest -g -O2   -Wl,-exported_symbols_list,conftest.sym conftest.c  >&5
configure:8881: $? = 0
configure:8891: result: yes
configure:8894: checking for -force_load linker flag
gcc -g -O2 -c -o conftest.o conftest.c
ar cru libconftest.a conftest.o
ranlib libconftest.a
gcc -g -O2  -o conftest conftest.c -Wl,-force_load,./libconftest.a
configure:8926: result: yes
configure:8965: checking for dlfcn.h
configure:8965: gcc -c -g -O2  conftest.c >&5
configure:8965: $? = 0
configure:8965: result: yes
configure:9109: checking for objdir
configure:9124: result: .libs
configure:9391: checking if gcc supports -fno-rtti -fno-exceptions
configure:9409: gcc -c -g -O2  -fno-rtti -fno-exceptions conftest.c >&5
configure:9413: $? = 0
configure:9426: result: yes
configure:9774: checking for gcc option to produce PIC
configure:9781: result: -fno-common -DPIC
configure:9789: checking if gcc PIC flag -fno-common -DPIC works
configure:9807: gcc -c -g -O2  -fno-common -DPIC -DPIC conftest.c >&5
configure:9811: $? = 0
configure:9824: result: yes
configure:9853: checking if gcc static flag -static works
configure:9881: result: no
configure:9896: checking if gcc supports -c -o file.o
configure:9917: gcc -c -g -O2  -o out/conftest2.o conftest.c >&5
configure:9921: $? = 0
configure:9943: result: yes
configure:9951: checking if gcc supports -c -o file.o
configure:9998: result: yes
configure:10031: checking whether the gcc linker (/Applications/Xcode.app/Contents/Developer/Toolchains/XcodeDefault.xctoolchain/usr/bin/ld) supports shared libraries
configure:11179: result: yes
configure:11419: checking dynamic linker characteristics
configure:12161: result: darwin19.6.0 dyld
configure:12268: checking how to hardcode library paths into programs
configure:12293: result: immediate
configure:12841: checking whether stripping libraries is possible
configure:12855: result: yes
configure:12881: checking if libtool supports shared libraries
configure:12883: result: yes
configure:12886: checking whether to build shared libraries
configure:12907: result: no
configure:12910: checking whether to build static libraries
configure:12914: result: yes
configure:12973: checking whether time.h and sys/time.h may both be included
configure:12993: gcc -c -g -O2  conftest.c >&5
configure:12993: $? = 0
configure:13000: result: yes
configure:13011: checking assert.h usability
configure:13011: gcc -c -g -O2  conftest.c >&5
configure:13011: $? = 0
configure:13011: result: yes
configure:13011: checking assert.h presence
configure:13011: gcc -E  conftest.c
configure:13011: $? = 0
configure:13011: result: yes
configure:13011: checking for assert.h
configure:13011: result: yes
configure:13011: checking ctype.h usability
configure:13011: gcc -c -g -O2  conftest.c >&5
configure:13011: $? = 0
configure:13011: result: yes
configure:13011: checking ctype.h presence
configure:13011: gcc -E  conftest.c
configure:13011: $? = 0
configure:13011: result: yes
configure:13011: checking for ctype.h
configure:13011: result: yes
configure:13011: checking dirent.h usability
configure:13011: gcc -c -g -O2  conftest.c >&5
configure:13011: $? = 0
configure:13011: result: yes
configure:13011: checking dirent.h presence
configure:13011: gcc -E  conftest.c
configure:13011: $? = 0
configure:13011: result: yes
configure:13011: checking for dirent.h
configure:13011: result: yes
configure:13011: checking errno.h usability
configure:13011: gcc -c -g -O2  conftest.c >&5
configure:13011: $? = 0
configure:13011: result: yes
configure:13011: checking errno.h presence
configure:13011: gcc -E  conftest.c
configure:13011: $? = 0
configure:13011: result: yes
configure:13011: checking for errno.h
configure:13011: result: yes
configure:13011: checking fcntl.h usability
configure:13011: gcc -c -g -O2  conftest.c >&5
configure:13011: $? = 0
configure:13011: result: yes
configure:13011: checking fcntl.h presence
configure:13011: gcc -E  conftest.c
configure:13011: $? = 0
configure:13011: result: yes
configure:13011: checking for fcntl.h
configure:13011: result: yes
configure:13011: checking float.h usability
configure:13011: gcc -c -g -O2  conftest.c >&5
configure:13011: $? = 0
configure:13011: result: yes
configure:13011: checking float.h presence
configure:13011: gcc -E  conftest.c
configure:13011: $? = 0
configure:13011: result: yes
configure:13011: checking for float.h
configure:13011: result: yes
configure:13011: checking limits.h usability
configure:13011: gcc -c -g -O2  conftest.c >&5
configure:13011: $? = 0
configure:13011: result: yes
configure:13011: checking limits.h presence
configure:13011: gcc -E  conftest.c
configure:13011: $? = 0
configure:13011: result: yes
configure:13011: checking for limits.h
configure:13011: result: yes
configure:13011: checking malloc.h usability
configure:13011: gcc -c -g -O2  conftest.c >&5
conftest.c:65:10: fatal error: 'malloc.h' file not found
#include <malloc.h>
         ^~~~~~~~~~
1 error generated.
configure:13011: $? = 1
configure: failed program was:
| /* confdefs.h */
| #define PACKAGE_NAME "LZO"
| #define PACKAGE_TARNAME "lzo"
| #define PACKAGE_VERSION "2.10"
| #define PACKAGE_STRING "LZO 2.10"
| #define PACKAGE_BUGREPORT "markus@oberhumer.com"
| #define PACKAGE_URL "http://www.oberhumer.com/opensource/lzo/"
| #define STDC_HEADERS 1
| #define HAVE_SYS_TYPES_H 1
| #define HAVE_SYS_STAT_H 1
| #define HAVE_STDLIB_H 1
| #define HAVE_STRING_H 1
| #define HAVE_MEMORY_H 1
| #define HAVE_STRINGS_H 1
| #define HAVE_INTTYPES_H 1
| #define HAVE_STDINT_H 1
| #define HAVE_UNISTD_H 1
| #define LZO_ABI_LITTLE_ENDIAN 1
| #define PACKAGE "lzo"
| #define VERSION "2.10"
| #define HAVE_DLFCN_H 1
| #define LT_OBJDIR ".libs/"
| #define TIME_WITH_SYS_TIME 1
| #define HAVE_ASSERT_H 1
| #define HAVE_CTYPE_H 1
| #define HAVE_DIRENT_H 1
| #define HAVE_ERRNO_H 1
| #define HAVE_FCNTL_H 1
| #define HAVE_FLOAT_H 1
| #define HAVE_LIMITS_H 1
| /* end confdefs.h.  */
| #include <stdio.h>
| #ifdef HAVE_SYS_TYPES_H
| # include <sys/types.h>
| #endif
| #ifdef HAVE_SYS_STAT_H
| # include <sys/stat.h>
| #endif
| #ifdef STDC_HEADERS
| # include <stdlib.h>
| # include <stddef.h>
| #else
| # ifdef HAVE_STDLIB_H
| #  include <stdlib.h>
| # endif
| #endif
| #ifdef HAVE_STRING_H
| # if !defined STDC_HEADERS && defined HAVE_MEMORY_H
| #  include <memory.h>
| # endif
| # include <string.h>
| #endif
| #ifdef HAVE_STRINGS_H
| # include <strings.h>
| #endif
| #ifdef HAVE_INTTYPES_H
| # include <inttypes.h>
| #endif
| #ifdef HAVE_STDINT_H
| # include <stdint.h>
| #endif
| #ifdef HAVE_UNISTD_H
| # include <unistd.h>
| #endif
| #include <malloc.h>
configure:13011: result: no
configure:13011: checking malloc.h presence
configure:13011: gcc -E  conftest.c
conftest.c:32:10: fatal error: 'malloc.h' file not found
#include <malloc.h>
         ^~~~~~~~~~
1 error generated.
configure:13011: $? = 1
configure: failed program was:
| /* confdefs.h */
| #define PACKAGE_NAME "LZO"
| #define PACKAGE_TARNAME "lzo"
| #define PACKAGE_VERSION "2.10"
| #define PACKAGE_STRING "LZO 2.10"
| #define PACKAGE_BUGREPORT "markus@oberhumer.com"
| #define PACKAGE_URL "http://www.oberhumer.com/opensource/lzo/"
| #define STDC_HEADERS 1
| #define HAVE_SYS_TYPES_H 1
| #define HAVE_SYS_STAT_H 1
| #define HAVE_STDLIB_H 1
| #define HAVE_STRING_H 1
| #define HAVE_MEMORY_H 1
| #define HAVE_STRINGS_H 1
| #define HAVE_INTTYPES_H 1
| #define HAVE_STDINT_H 1
| #define HAVE_UNISTD_H 1
| #define LZO_ABI_LITTLE_ENDIAN 1
| #define PACKAGE "lzo"
| #define VERSION "2.10"
| #define HAVE_DLFCN_H 1
| #define LT_OBJDIR ".libs/"
| #define TIME_WITH_SYS_TIME 1
| #define HAVE_ASSERT_H 1
| #define HAVE_CTYPE_H 1
| #define HAVE_DIRENT_H 1
| #define HAVE_ERRNO_H 1
| #define HAVE_FCNTL_H 1
| #define HAVE_FLOAT_H 1
| #define HAVE_LIMITS_H 1
| /* end confdefs.h.  */
| #include <malloc.h>
configure:13011: result: no
configure:13011: checking for malloc.h
configure:13011: result: no
configure:13011: checking for memory.h
configure:13011: result: yes
configure:13011: checking setjmp.h usability
configure:13011: gcc -c -g -O2  conftest.c >&5
configure:13011: $? = 0
configure:13011: result: yes
configure:13011: checking setjmp.h presence
configure:13011: gcc -E  conftest.c
configure:13011: $? = 0
configure:13011: result: yes
configure:13011: checking for setjmp.h
configure:13011: result: yes
configure:13011: checking signal.h usability
configure:13011: gcc -c -g -O2  conftest.c >&5
configure:13011: $? = 0
configure:13011: result: yes
configure:13011: checking signal.h presence
configure:13011: gcc -E  conftest.c
configure:13011: $? = 0
configure:13011: result: yes
configure:13011: checking for signal.h
configure:13011: result: yes
configure:13011: checking stdarg.h usability
configure:13011: gcc -c -g -O2  conftest.c >&5
configure:13011: $? = 0
configure:13011: result: yes
configure:13011: checking stdarg.h presence
configure:13011: gcc -E  conftest.c
configure:13011: $? = 0
configure:13011: result: yes
configure:13011: checking for stdarg.h
configure:13011: result: yes
configure:13011: checking stddef.h usability
configure:13011: gcc -c -g -O2  conftest.c >&5
configure:13011: $? = 0
configure:13011: result: yes
configure:13011: checking stddef.h presence
configure:13011: gcc -E  conftest.c
configure:13011: $? = 0
configure:13011: result: yes
configure:13011: checking for stddef.h
configure:13011: result: yes
configure:13011: checking for stdint.h
configure:13011: result: yes
configure:13011: checking stdio.h usability
configure:13011: gcc -c -g -O2  conftest.c >&5
configure:13011: $? = 0
configure:13011: result: yes
configure:13011: checking stdio.h presence
configure:13011: gcc -E  conftest.c
configure:13011: $? = 0
configure:13011: result: yes
configure:13011: checking for stdio.h
configure:13011: result: yes
configure:13011: checking for stdlib.h
configure:13011: result: yes
configure:13011: checking for string.h
configure:13011: result: yes
configure:13011: checking for strings.h
configure:13011: result: yes
configure:13011: checking time.h usability
configure:13011: gcc -c -g -O2  conftest.c >&5
configure:13011: $? = 0
configure:13011: result: yes
configure:13011: checking time.h presence
configure:13011: gcc -E  conftest.c
configure:13011: $? = 0
configure:13011: result: yes
configure:13011: checking for time.h
configure:13011: result: yes
configure:13011: checking for unistd.h
configure:13011: result: yes
configure:13011: checking utime.h usability
configure:13011: gcc -c -g -O2  conftest.c >&5
configure:13011: $? = 0
configure:13011: result: yes
configure:13011: checking utime.h presence
configure:13011: gcc -E  conftest.c
configure:13011: $? = 0
configure:13011: result: yes
configure:13011: checking for utime.h
configure:13011: result: yes
configure:13011: checking sys/mman.h usability
configure:13011: gcc -c -g -O2  conftest.c >&5
configure:13011: $? = 0
configure:13011: result: yes
configure:13011: checking sys/mman.h presence
configure:13011: gcc -E  conftest.c
configure:13011: $? = 0
configure:13011: result: yes
configure:13011: checking for sys/mman.h
configure:13011: result: yes
configure:13011: checking sys/resource.h usability
configure:13011: gcc -c -g -O2  conftest.c >&5
configure:13011: $? = 0
configure:13011: result: yes
configure:13011: checking sys/resource.h presence
configure:13011: gcc -E  conftest.c
configure:13011: $? = 0
configure:13011: result: yes
configure:13011: checking for sys/resource.h
configure:13011: result: yes
configure:13011: checking for sys/stat.h
configure:13011: result: yes
configure:13011: checking sys/time.h usability
configure:13011: gcc -c -g -O2  conftest.c >&5
configure:13011: $? = 0
configure:13011: result: yes
configure:13011: checking sys/time.h presence
configure:13011: gcc -E  conftest.c
configure:13011: $? = 0
configure:13011: result: yes
configure:13011: checking for sys/time.h
configure:13011: result: yes
configure:13011: checking for sys/types.h
configure:13011: result: yes
configure:13011: checking sys/wait.h usability
configure:13011: gcc -c -g -O2  conftest.c >&5
configure:13011: $? = 0
configure:13011: result: yes
configure:13011: checking sys/wait.h presence
configure:13011: gcc -E  conftest.c
configure:13011: $? = 0
configure:13011: result: yes
configure:13011: checking for sys/wait.h
configure:13011: result: yes
configure:13026: checking whether limits.h is sane
configure:13139: gcc -c -g -O2  conftest.c >&5
configure:13139: $? = 0
configure:13146: result: yes
configure:13158: checking for off_t
configure:13158: gcc -c -g -O2  conftest.c >&5
configure:13158: $? = 0
configure:13158: gcc -c -g -O2  conftest.c >&5
conftest.c:87:20: error: expected expression
if (sizeof ((off_t)))
                   ^
1 error generated.
configure:13158: $? = 1
configure: failed program was:
| /* confdefs.h */
| #define PACKAGE_NAME "LZO"
| #define PACKAGE_TARNAME "lzo"
| #define PACKAGE_VERSION "2.10"
| #define PACKAGE_STRING "LZO 2.10"
| #define PACKAGE_BUGREPORT "markus@oberhumer.com"
| #define PACKAGE_URL "http://www.oberhumer.com/opensource/lzo/"
| #define STDC_HEADERS 1
| #define HAVE_SYS_TYPES_H 1
| #define HAVE_SYS_STAT_H 1
| #define HAVE_STDLIB_H 1
| #define HAVE_STRING_H 1
| #define HAVE_MEMORY_H 1
| #define HAVE_STRINGS_H 1
| #define HAVE_INTTYPES_H 1
| #define HAVE_STDINT_H 1
| #define HAVE_UNISTD_H 1
| #define LZO_ABI_LITTLE_ENDIAN 1
| #define PACKAGE "lzo"
| #define VERSION "2.10"
| #define HAVE_DLFCN_H 1
| #define LT_OBJDIR ".libs/"
| #define TIME_WITH_SYS_TIME 1
| #define HAVE_ASSERT_H 1
| #define HAVE_CTYPE_H 1
| #define HAVE_DIRENT_H 1
| #define HAVE_ERRNO_H 1
| #define HAVE_FCNTL_H 1
| #define HAVE_FLOAT_H 1
| #define HAVE_LIMITS_H 1
| #define HAVE_MEMORY_H 1
| #define HAVE_SETJMP_H 1
| #define HAVE_SIGNAL_H 1
| #define HAVE_STDARG_H 1
| #define HAVE_STDDEF_H 1
| #define HAVE_STDINT_H 1
| #define HAVE_STDIO_H 1
| #define HAVE_STDLIB_H 1
| #define HAVE_STRING_H 1
| #define HAVE_STRINGS_H 1
| #define HAVE_TIME_H 1
| #define HAVE_UNISTD_H 1
| #define HAVE_UTIME_H 1
| #define HAVE_SYS_MMAN_H 1
| #define HAVE_SYS_RESOURCE_H 1
| #define HAVE_SYS_STAT_H 1
| #define HAVE_SYS_TIME_H 1
| #define HAVE_SYS_TYPES_H 1
| #define HAVE_SYS_WAIT_H 1
| /* end confdefs.h.  */
| #include <stdio.h>
| #ifdef HAVE_SYS_TYPES_H
| # include <sys/types.h>
| #endif
| #ifdef HAVE_SYS_STAT_H
| # include <sys/stat.h>
| #endif
| #ifdef STDC_HEADERS
| # include <stdlib.h>
| # include <stddef.h>
| #else
| # ifdef HAVE_STDLIB_H
| #  include <stdlib.h>
| # endif
| #endif
| #ifdef HAVE_STRING_H
| # if !defined STDC_HEADERS && defined HAVE_MEMORY_H
| #  include <memory.h>
| # endif
| # include <string.h>
| #endif
| #ifdef HAVE_STRINGS_H
| # include <strings.h>
| #endif
| #ifdef HAVE_INTTYPES_H
| # include <inttypes.h>
| #endif
| #ifdef HAVE_STDINT_H
| # include <stdint.h>
| #endif
| #ifdef HAVE_UNISTD_H
| # include <unistd.h>
| #endif
| int
| main ()
| {
| if (sizeof ((off_t)))
| 	    return 0;
|   ;
|   return 0;
| }
configure:13158: result: yes
configure:13169: checking for ptrdiff_t
configure:13169: gcc -c -g -O2  conftest.c >&5
configure:13169: $? = 0
configure:13169: gcc -c -g -O2  conftest.c >&5
conftest.c:87:24: error: expected expression
if (sizeof ((ptrdiff_t)))
                       ^
1 error generated.
configure:13169: $? = 1
configure: failed program was:
| /* confdefs.h */
| #define PACKAGE_NAME "LZO"
| #define PACKAGE_TARNAME "lzo"
| #define PACKAGE_VERSION "2.10"
| #define PACKAGE_STRING "LZO 2.10"
| #define PACKAGE_BUGREPORT "markus@oberhumer.com"
| #define PACKAGE_URL "http://www.oberhumer.com/opensource/lzo/"
| #define STDC_HEADERS 1
| #define HAVE_SYS_TYPES_H 1
| #define HAVE_SYS_STAT_H 1
| #define HAVE_STDLIB_H 1
| #define HAVE_STRING_H 1
| #define HAVE_MEMORY_H 1
| #define HAVE_STRINGS_H 1
| #define HAVE_INTTYPES_H 1
| #define HAVE_STDINT_H 1
| #define HAVE_UNISTD_H 1
| #define LZO_ABI_LITTLE_ENDIAN 1
| #define PACKAGE "lzo"
| #define VERSION "2.10"
| #define HAVE_DLFCN_H 1
| #define LT_OBJDIR ".libs/"
| #define TIME_WITH_SYS_TIME 1
| #define HAVE_ASSERT_H 1
| #define HAVE_CTYPE_H 1
| #define HAVE_DIRENT_H 1
| #define HAVE_ERRNO_H 1
| #define HAVE_FCNTL_H 1
| #define HAVE_FLOAT_H 1
| #define HAVE_LIMITS_H 1
| #define HAVE_MEMORY_H 1
| #define HAVE_SETJMP_H 1
| #define HAVE_SIGNAL_H 1
| #define HAVE_STDARG_H 1
| #define HAVE_STDDEF_H 1
| #define HAVE_STDINT_H 1
| #define HAVE_STDIO_H 1
| #define HAVE_STDLIB_H 1
| #define HAVE_STRING_H 1
| #define HAVE_STRINGS_H 1
| #define HAVE_TIME_H 1
| #define HAVE_UNISTD_H 1
| #define HAVE_UTIME_H 1
| #define HAVE_SYS_MMAN_H 1
| #define HAVE_SYS_RESOURCE_H 1
| #define HAVE_SYS_STAT_H 1
| #define HAVE_SYS_TIME_H 1
| #define HAVE_SYS_TYPES_H 1
| #define HAVE_SYS_WAIT_H 1
| /* end confdefs.h.  */
| #include <stdio.h>
| #ifdef HAVE_SYS_TYPES_H
| # include <sys/types.h>
| #endif
| #ifdef HAVE_SYS_STAT_H
| # include <sys/stat.h>
| #endif
| #ifdef STDC_HEADERS
| # include <stdlib.h>
| # include <stddef.h>
| #else
| # ifdef HAVE_STDLIB_H
| #  include <stdlib.h>
| # endif
| #endif
| #ifdef HAVE_STRING_H
| # if !defined STDC_HEADERS && defined HAVE_MEMORY_H
| #  include <memory.h>
| # endif
| # include <string.h>
| #endif
| #ifdef HAVE_STRINGS_H
| # include <strings.h>
| #endif
| #ifdef HAVE_INTTYPES_H
| # include <inttypes.h>
| #endif
| #ifdef HAVE_STDINT_H
| # include <stdint.h>
| #endif
| #ifdef HAVE_UNISTD_H
| # include <unistd.h>
| #endif
| int
| main ()
| {
| if (sizeof ((ptrdiff_t)))
| 	    return 0;
|   ;
|   return 0;
| }
configure:13169: result: yes
configure:13180: checking for size_t
configure:13180: gcc -c -g -O2  conftest.c >&5
configure:13180: $? = 0
configure:13180: gcc -c -g -O2  conftest.c >&5
conftest.c:87:21: error: expected expression
if (sizeof ((size_t)))
                    ^
1 error generated.
configure:13180: $? = 1
configure: failed program was:
| /* confdefs.h */
| #define PACKAGE_NAME "LZO"
| #define PACKAGE_TARNAME "lzo"
| #define PACKAGE_VERSION "2.10"
| #define PACKAGE_STRING "LZO 2.10"
| #define PACKAGE_BUGREPORT "markus@oberhumer.com"
| #define PACKAGE_URL "http://www.oberhumer.com/opensource/lzo/"
| #define STDC_HEADERS 1
| #define HAVE_SYS_TYPES_H 1
| #define HAVE_SYS_STAT_H 1
| #define HAVE_STDLIB_H 1
| #define HAVE_STRING_H 1
| #define HAVE_MEMORY_H 1
| #define HAVE_STRINGS_H 1
| #define HAVE_INTTYPES_H 1
| #define HAVE_STDINT_H 1
| #define HAVE_UNISTD_H 1
| #define LZO_ABI_LITTLE_ENDIAN 1
| #define PACKAGE "lzo"
| #define VERSION "2.10"
| #define HAVE_DLFCN_H 1
| #define LT_OBJDIR ".libs/"
| #define TIME_WITH_SYS_TIME 1
| #define HAVE_ASSERT_H 1
| #define HAVE_CTYPE_H 1
| #define HAVE_DIRENT_H 1
| #define HAVE_ERRNO_H 1
| #define HAVE_FCNTL_H 1
| #define HAVE_FLOAT_H 1
| #define HAVE_LIMITS_H 1
| #define HAVE_MEMORY_H 1
| #define HAVE_SETJMP_H 1
| #define HAVE_SIGNAL_H 1
| #define HAVE_STDARG_H 1
| #define HAVE_STDDEF_H 1
| #define HAVE_STDINT_H 1
| #define HAVE_STDIO_H 1
| #define HAVE_STDLIB_H 1
| #define HAVE_STRING_H 1
| #define HAVE_STRINGS_H 1
| #define HAVE_TIME_H 1
| #define HAVE_UNISTD_H 1
| #define HAVE_UTIME_H 1
| #define HAVE_SYS_MMAN_H 1
| #define HAVE_SYS_RESOURCE_H 1
| #define HAVE_SYS_STAT_H 1
| #define HAVE_SYS_TIME_H 1
| #define HAVE_SYS_TYPES_H 1
| #define HAVE_SYS_WAIT_H 1
| /* end confdefs.h.  */
| #include <stdio.h>
| #ifdef HAVE_SYS_TYPES_H
| # include <sys/types.h>
| #endif
| #ifdef HAVE_SYS_STAT_H
| # include <sys/stat.h>
| #endif
| #ifdef STDC_HEADERS
| # include <stdlib.h>
| # include <stddef.h>
| #else
| # ifdef HAVE_STDLIB_H
| #  include <stdlib.h>
| # endif
| #endif
| #ifdef HAVE_STRING_H
| # if !defined STDC_HEADERS && defined HAVE_MEMORY_H
| #  include <memory.h>
| # endif
| # include <string.h>
| #endif
| #ifdef HAVE_STRINGS_H
| # include <strings.h>
| #endif
| #ifdef HAVE_INTTYPES_H
| # include <inttypes.h>
| #endif
| #ifdef HAVE_STDINT_H
| # include <stdint.h>
| #endif
| #ifdef HAVE_UNISTD_H
| # include <unistd.h>
| #endif
| int
| main ()
| {
| if (sizeof ((size_t)))
| 	    return 0;
|   ;
|   return 0;
| }
configure:13180: result: yes
configure:13191: checking return type of signal handlers
configure:13209: gcc -c -g -O2  conftest.c >&5
conftest.c:57:8: error: indirection requires pointer operand ('void' invalid)
return *(signal (0, 0)) (0) == 1;
       ^~~~~~~~~~~~~~~~~~~~
1 error generated.
configure:13209: $? = 1
configure: failed program was:
| /* confdefs.h */
| #define PACKAGE_NAME "LZO"
| #define PACKAGE_TARNAME "lzo"
| #define PACKAGE_VERSION "2.10"
| #define PACKAGE_STRING "LZO 2.10"
| #define PACKAGE_BUGREPORT "markus@oberhumer.com"
| #define PACKAGE_URL "http://www.oberhumer.com/opensource/lzo/"
| #define STDC_HEADERS 1
| #define HAVE_SYS_TYPES_H 1
| #define HAVE_SYS_STAT_H 1
| #define HAVE_STDLIB_H 1
| #define HAVE_STRING_H 1
| #define HAVE_MEMORY_H 1
| #define HAVE_STRINGS_H 1
| #define HAVE_INTTYPES_H 1
| #define HAVE_STDINT_H 1
| #define HAVE_UNISTD_H 1
| #define LZO_ABI_LITTLE_ENDIAN 1
| #define PACKAGE "lzo"
| #define VERSION "2.10"
| #define HAVE_DLFCN_H 1
| #define LT_OBJDIR ".libs/"
| #define TIME_WITH_SYS_TIME 1
| #define HAVE_ASSERT_H 1
| #define HAVE_CTYPE_H 1
| #define HAVE_DIRENT_H 1
| #define HAVE_ERRNO_H 1
| #define HAVE_FCNTL_H 1
| #define HAVE_FLOAT_H 1
| #define HAVE_LIMITS_H 1
| #define HAVE_MEMORY_H 1
| #define HAVE_SETJMP_H 1
| #define HAVE_SIGNAL_H 1
| #define HAVE_STDARG_H 1
| #define HAVE_STDDEF_H 1
| #define HAVE_STDINT_H 1
| #define HAVE_STDIO_H 1
| #define HAVE_STDLIB_H 1
| #define HAVE_STRING_H 1
| #define HAVE_STRINGS_H 1
| #define HAVE_TIME_H 1
| #define HAVE_UNISTD_H 1
| #define HAVE_UTIME_H 1
| #define HAVE_SYS_MMAN_H 1
| #define HAVE_SYS_RESOURCE_H 1
| #define HAVE_SYS_STAT_H 1
| #define HAVE_SYS_TIME_H 1
| #define HAVE_SYS_TYPES_H 1
| #define HAVE_SYS_WAIT_H 1
| /* end confdefs.h.  */
| #include <sys/types.h>
| #include <signal.h>
| 
| int
| main ()
| {
| return *(signal (0, 0)) (0) == 1;
|   ;
|   return 0;
| }
configure:13216: result: void
configure:13230: checking size of short
configure:13235: gcc -o conftest -g -O2   conftest.c  >&5
configure:13235: $? = 0
configure:13235: ./conftest
configure:13235: $? = 0
configure:13249: result: 2
configure:13263: checking size of int
configure:13268: gcc -o conftest -g -O2   conftest.c  >&5
configure:13268: $? = 0
configure:13268: ./conftest
configure:13268: $? = 0
configure:13282: result: 4
configure:13296: checking size of long
configure:13301: gcc -o conftest -g -O2   conftest.c  >&5
configure:13301: $? = 0
configure:13301: ./conftest
configure:13301: $? = 0
configure:13315: result: 8
configure:13330: checking size of long long
configure:13335: gcc -o conftest -g -O2   conftest.c  >&5
configure:13335: $? = 0
configure:13335: ./conftest
configure:13335: $? = 0
configure:13349: result: 8
configure:13363: checking size of __int16
configure:13368: gcc -o conftest -g -O2   conftest.c  >&5
conftest.c:89:57: error: use of undeclared identifier '__int16'
static long int longval () { return (long int) (sizeof (__int16)); }
                                                        ^
conftest.c:90:67: error: use of undeclared identifier '__int16'
static unsigned long int ulongval () { return (long int) (sizeof (__int16)); }
                                                                  ^
conftest.c:100:28: error: use of undeclared identifier '__int16'
  if (((long int) (sizeof (__int16))) < 0)
                           ^
conftest.c:103:37: error: use of undeclared identifier '__int16'
      if (i != ((long int) (sizeof (__int16))))
                                    ^
conftest.c:110:37: error: use of undeclared identifier '__int16'
      if (i != ((long int) (sizeof (__int16))))
                                    ^
5 errors generated.
configure:13368: $? = 1
configure: program exited with status 1
configure: failed program was:
| /* confdefs.h */
| #define PACKAGE_NAME "LZO"
| #define PACKAGE_TARNAME "lzo"
| #define PACKAGE_VERSION "2.10"
| #define PACKAGE_STRING "LZO 2.10"
| #define PACKAGE_BUGREPORT "markus@oberhumer.com"
| #define PACKAGE_URL "http://www.oberhumer.com/opensource/lzo/"
| #define STDC_HEADERS 1
| #define HAVE_SYS_TYPES_H 1
| #define HAVE_SYS_STAT_H 1
| #define HAVE_STDLIB_H 1
| #define HAVE_STRING_H 1
| #define HAVE_MEMORY_H 1
| #define HAVE_STRINGS_H 1
| #define HAVE_INTTYPES_H 1
| #define HAVE_STDINT_H 1
| #define HAVE_UNISTD_H 1
| #define LZO_ABI_LITTLE_ENDIAN 1
| #define PACKAGE "lzo"
| #define VERSION "2.10"
| #define HAVE_DLFCN_H 1
| #define LT_OBJDIR ".libs/"
| #define TIME_WITH_SYS_TIME 1
| #define HAVE_ASSERT_H 1
| #define HAVE_CTYPE_H 1
| #define HAVE_DIRENT_H 1
| #define HAVE_ERRNO_H 1
| #define HAVE_FCNTL_H 1
| #define HAVE_FLOAT_H 1
| #define HAVE_LIMITS_H 1
| #define HAVE_MEMORY_H 1
| #define HAVE_SETJMP_H 1
| #define HAVE_SIGNAL_H 1
| #define HAVE_STDARG_H 1
| #define HAVE_STDDEF_H 1
| #define HAVE_STDINT_H 1
| #define HAVE_STDIO_H 1
| #define HAVE_STDLIB_H 1
| #define HAVE_STRING_H 1
| #define HAVE_STRINGS_H 1
| #define HAVE_TIME_H 1
| #define HAVE_UNISTD_H 1
| #define HAVE_UTIME_H 1
| #define HAVE_SYS_MMAN_H 1
| #define HAVE_SYS_RESOURCE_H 1
| #define HAVE_SYS_STAT_H 1
| #define HAVE_SYS_TIME_H 1
| #define HAVE_SYS_TYPES_H 1
| #define HAVE_SYS_WAIT_H 1
| #define RETSIGTYPE void
| #define SIZEOF_SHORT 2
| #define SIZEOF_INT 4
| #define SIZEOF_LONG 8
| #define SIZEOF_LONG_LONG 8
| /* end confdefs.h.  */
| #include <stdio.h>
| #ifdef HAVE_SYS_TYPES_H
| # include <sys/types.h>
| #endif
| #ifdef HAVE_SYS_STAT_H
| # include <sys/stat.h>
| #endif
| #ifdef STDC_HEADERS
| # include <stdlib.h>
| # include <stddef.h>
| #else
| # ifdef HAVE_STDLIB_H
| #  include <stdlib.h>
| # endif
| #endif
| #ifdef HAVE_STRING_H
| # if !defined STDC_HEADERS && defined HAVE_MEMORY_H
| #  include <memory.h>
| # endif
| # include <string.h>
| #endif
| #ifdef HAVE_STRINGS_H
| # include <strings.h>
| #endif
| #ifdef HAVE_INTTYPES_H
| # include <inttypes.h>
| #endif
| #ifdef HAVE_STDINT_H
| # include <stdint.h>
| #endif
| #ifdef HAVE_UNISTD_H
| # include <unistd.h>
| #endif
| static long int longval () { return (long int) (sizeof (__int16)); }
| static unsigned long int ulongval () { return (long int) (sizeof (__int16)); }
| #include <stdio.h>
| #include <stdlib.h>
| int
| main ()
| {
| 
|   FILE *f = fopen ("conftest.val", "w");
|   if (! f)
|     return 1;
|   if (((long int) (sizeof (__int16))) < 0)
|     {
|       long int i = longval ();
|       if (i != ((long int) (sizeof (__int16))))
| 	return 1;
|       fprintf (f, "%ld", i);
|     }
|   else
|     {
|       unsigned long int i = ulongval ();
|       if (i != ((long int) (sizeof (__int16))))
| 	return 1;
|       fprintf (f, "%lu", i);
|     }
|   /* Do not output a trailing newline, as this causes \r\n confusion
|      on some platforms.  */
|   return ferror (f) || fclose (f) != 0;
| 
|   ;
|   return 0;
| }
configure:13382: result: 0
configure:13396: checking size of __int32
configure:13401: gcc -o conftest -g -O2   conftest.c  >&5
conftest.c:90:57: error: use of undeclared identifier '__int32'
static long int longval () { return (long int) (sizeof (__int32)); }
                                                        ^
conftest.c:91:67: error: use of undeclared identifier '__int32'
static unsigned long int ulongval () { return (long int) (sizeof (__int32)); }
                                                                  ^
conftest.c:101:28: error: use of undeclared identifier '__int32'
  if (((long int) (sizeof (__int32))) < 0)
                           ^
conftest.c:104:37: error: use of undeclared identifier '__int32'
      if (i != ((long int) (sizeof (__int32))))
                                    ^
conftest.c:111:37: error: use of undeclared identifier '__int32'
      if (i != ((long int) (sizeof (__int32))))
                                    ^
5 errors generated.
configure:13401: $? = 1
configure: program exited with status 1
configure: failed program was:
| /* confdefs.h */
| #define PACKAGE_NAME "LZO"
| #define PACKAGE_TARNAME "lzo"
| #define PACKAGE_VERSION "2.10"
| #define PACKAGE_STRING "LZO 2.10"
| #define PACKAGE_BUGREPORT "markus@oberhumer.com"
| #define PACKAGE_URL "http://www.oberhumer.com/opensource/lzo/"
| #define STDC_HEADERS 1
| #define HAVE_SYS_TYPES_H 1
| #define HAVE_SYS_STAT_H 1
| #define HAVE_STDLIB_H 1
| #define HAVE_STRING_H 1
| #define HAVE_MEMORY_H 1
| #define HAVE_STRINGS_H 1
| #define HAVE_INTTYPES_H 1
| #define HAVE_STDINT_H 1
| #define HAVE_UNISTD_H 1
| #define LZO_ABI_LITTLE_ENDIAN 1
| #define PACKAGE "lzo"
| #define VERSION "2.10"
| #define HAVE_DLFCN_H 1
| #define LT_OBJDIR ".libs/"
| #define TIME_WITH_SYS_TIME 1
| #define HAVE_ASSERT_H 1
| #define HAVE_CTYPE_H 1
| #define HAVE_DIRENT_H 1
| #define HAVE_ERRNO_H 1
| #define HAVE_FCNTL_H 1
| #define HAVE_FLOAT_H 1
| #define HAVE_LIMITS_H 1
| #define HAVE_MEMORY_H 1
| #define HAVE_SETJMP_H 1
| #define HAVE_SIGNAL_H 1
| #define HAVE_STDARG_H 1
| #define HAVE_STDDEF_H 1
| #define HAVE_STDINT_H 1
| #define HAVE_STDIO_H 1
| #define HAVE_STDLIB_H 1
| #define HAVE_STRING_H 1
| #define HAVE_STRINGS_H 1
| #define HAVE_TIME_H 1
| #define HAVE_UNISTD_H 1
| #define HAVE_UTIME_H 1
| #define HAVE_SYS_MMAN_H 1
| #define HAVE_SYS_RESOURCE_H 1
| #define HAVE_SYS_STAT_H 1
| #define HAVE_SYS_TIME_H 1
| #define HAVE_SYS_TYPES_H 1
| #define HAVE_SYS_WAIT_H 1
| #define RETSIGTYPE void
| #define SIZEOF_SHORT 2
| #define SIZEOF_INT 4
| #define SIZEOF_LONG 8
| #define SIZEOF_LONG_LONG 8
| #define SIZEOF___INT16 0
| /* end confdefs.h.  */
| #include <stdio.h>
| #ifdef HAVE_SYS_TYPES_H
| # include <sys/types.h>
| #endif
| #ifdef HAVE_SYS_STAT_H
| # include <sys/stat.h>
| #endif
| #ifdef STDC_HEADERS
| # include <stdlib.h>
| # include <stddef.h>
| #else
| # ifdef HAVE_STDLIB_H
| #  include <stdlib.h>
| # endif
| #endif
| #ifdef HAVE_STRING_H
| # if !defined STDC_HEADERS && defined HAVE_MEMORY_H
| #  include <memory.h>
| # endif
| # include <string.h>
| #endif
| #ifdef HAVE_STRINGS_H
| # include <strings.h>
| #endif
| #ifdef HAVE_INTTYPES_H
| # include <inttypes.h>
| #endif
| #ifdef HAVE_STDINT_H
| # include <stdint.h>
| #endif
| #ifdef HAVE_UNISTD_H
| # include <unistd.h>
| #endif
| static long int longval () { return (long int) (sizeof (__int32)); }
| static unsigned long int ulongval () { return (long int) (sizeof (__int32)); }
| #include <stdio.h>
| #include <stdlib.h>
| int
| main ()
| {
| 
|   FILE *f = fopen ("conftest.val", "w");
|   if (! f)
|     return 1;
|   if (((long int) (sizeof (__int32))) < 0)
|     {
|       long int i = longval ();
|       if (i != ((long int) (sizeof (__int32))))
| 	return 1;
|       fprintf (f, "%ld", i);
|     }
|   else
|     {
|       unsigned long int i = ulongval ();
|       if (i != ((long int) (sizeof (__int32))))
| 	return 1;
|       fprintf (f, "%lu", i);
|     }
|   /* Do not output a trailing newline, as this causes \r\n confusion
|      on some platforms.  */
|   return ferror (f) || fclose (f) != 0;
| 
|   ;
|   return 0;
| }
configure:13415: result: 0
configure:13429: checking size of __int64
configure:13434: gcc -o conftest -g -O2   conftest.c  >&5
conftest.c:91:57: error: use of undeclared identifier '__int64'
static long int longval () { return (long int) (sizeof (__int64)); }
                                                        ^
conftest.c:92:67: error: use of undeclared identifier '__int64'
static unsigned long int ulongval () { return (long int) (sizeof (__int64)); }
                                                                  ^
conftest.c:102:28: error: use of undeclared identifier '__int64'
  if (((long int) (sizeof (__int64))) < 0)
                           ^
conftest.c:105:37: error: use of undeclared identifier '__int64'
      if (i != ((long int) (sizeof (__int64))))
                                    ^
conftest.c:112:37: error: use of undeclared identifier '__int64'
      if (i != ((long int) (sizeof (__int64))))
                                    ^
5 errors generated.
configure:13434: $? = 1
configure: program exited with status 1
configure: failed program was:
| /* confdefs.h */
| #define PACKAGE_NAME "LZO"
| #define PACKAGE_TARNAME "lzo"
| #define PACKAGE_VERSION "2.10"
| #define PACKAGE_STRING "LZO 2.10"
| #define PACKAGE_BUGREPORT "markus@oberhumer.com"
| #define PACKAGE_URL "http://www.oberhumer.com/opensource/lzo/"
| #define STDC_HEADERS 1
| #define HAVE_SYS_TYPES_H 1
| #define HAVE_SYS_STAT_H 1
| #define HAVE_STDLIB_H 1
| #define HAVE_STRING_H 1
| #define HAVE_MEMORY_H 1
| #define HAVE_STRINGS_H 1
| #define HAVE_INTTYPES_H 1
| #define HAVE_STDINT_H 1
| #define HAVE_UNISTD_H 1
| #define LZO_ABI_LITTLE_ENDIAN 1
| #define PACKAGE "lzo"
| #define VERSION "2.10"
| #define HAVE_DLFCN_H 1
| #define LT_OBJDIR ".libs/"
| #define TIME_WITH_SYS_TIME 1
| #define HAVE_ASSERT_H 1
| #define HAVE_CTYPE_H 1
| #define HAVE_DIRENT_H 1
| #define HAVE_ERRNO_H 1
| #define HAVE_FCNTL_H 1
| #define HAVE_FLOAT_H 1
| #define HAVE_LIMITS_H 1
| #define HAVE_MEMORY_H 1
| #define HAVE_SETJMP_H 1
| #define HAVE_SIGNAL_H 1
| #define HAVE_STDARG_H 1
| #define HAVE_STDDEF_H 1
| #define HAVE_STDINT_H 1
| #define HAVE_STDIO_H 1
| #define HAVE_STDLIB_H 1
| #define HAVE_STRING_H 1
| #define HAVE_STRINGS_H 1
| #define HAVE_TIME_H 1
| #define HAVE_UNISTD_H 1
| #define HAVE_UTIME_H 1
| #define HAVE_SYS_MMAN_H 1
| #define HAVE_SYS_RESOURCE_H 1
| #define HAVE_SYS_STAT_H 1
| #define HAVE_SYS_TIME_H 1
| #define HAVE_SYS_TYPES_H 1
| #define HAVE_SYS_WAIT_H 1
| #define RETSIGTYPE void
| #define SIZEOF_SHORT 2
| #define SIZEOF_INT 4
| #define SIZEOF_LONG 8
| #define SIZEOF_LONG_LONG 8
| #define SIZEOF___INT16 0
| #define SIZEOF___INT32 0
| /* end confdefs.h.  */
| #include <stdio.h>
| #ifdef HAVE_SYS_TYPES_H
| # include <sys/types.h>
| #endif
| #ifdef HAVE_SYS_STAT_H
| # include <sys/stat.h>
| #endif
| #ifdef STDC_HEADERS
| # include <stdlib.h>
| # include <stddef.h>
| #else
| # ifdef HAVE_STDLIB_H
| #  include <stdlib.h>
| # endif
| #endif
| #ifdef HAVE_STRING_H
| # if !defined STDC_HEADERS && defined HAVE_MEMORY_H
| #  include <memory.h>
| # endif
| # include <string.h>
| #endif
| #ifdef HAVE_STRINGS_H
| # include <strings.h>
| #endif
| #ifdef HAVE_INTTYPES_H
| # include <inttypes.h>
| #endif
| #ifdef HAVE_STDINT_H
| # include <stdint.h>
| #endif
| #ifdef HAVE_UNISTD_H
| # include <unistd.h>
| #endif
| static long int longval () { return (long int) (sizeof (__int64)); }
| static unsigned long int ulongval () { return (long int) (sizeof (__int64)); }
| #include <stdio.h>
| #include <stdlib.h>
| int
| main ()
| {
| 
|   FILE *f = fopen ("conftest.val", "w");
|   if (! f)
|     return 1;
|   if (((long int) (sizeof (__int64))) < 0)
|     {
|       long int i = longval ();
|       if (i != ((long int) (sizeof (__int64))))
| 	return 1;
|       fprintf (f, "%ld", i);
|     }
|   else
|     {
|       unsigned long int i = ulongval ();
|       if (i != ((long int) (sizeof (__int64))))
| 	return 1;
|       fprintf (f, "%lu", i);
|     }
|   /* Do not output a trailing newline, as this causes \r\n confusion
|      on some platforms.  */
|   return ferror (f) || fclose (f) != 0;
| 
|   ;
|   return 0;
| }
configure:13448: result: 0
configure:13463: checking size of void *
configure:13468: gcc -o conftest -g -O2   conftest.c  >&5
configure:13468: $? = 0
configure:13468: ./conftest
configure:13468: $? = 0
configure:13482: result: 8
configure:13496: checking size of size_t
configure:13501: gcc -o conftest -g -O2   conftest.c  >&5
configure:13501: $? = 0
configure:13501: ./conftest
configure:13501: $? = 0
configure:13515: result: 8
configure:13529: checking size of ptrdiff_t
configure:13534: gcc -o conftest -g -O2   conftest.c  >&5
configure:13534: $? = 0
configure:13534: ./conftest
configure:13534: $? = 0
configure:13548: result: 8
configure:13564: checking size of __int32
configure:13583: result: 0
configure:13597: checking size of intmax_t
configure:13602: gcc -o conftest -g -O2   conftest.c  >&5
configure:13602: $? = 0
configure:13602: ./conftest
configure:13602: $? = 0
configure:13616: result: 8
configure:13630: checking size of uintmax_t
configure:13635: gcc -o conftest -g -O2   conftest.c  >&5
configure:13635: $? = 0
configure:13635: ./conftest
configure:13635: $? = 0
configure:13649: result: 8
configure:13663: checking size of intptr_t
configure:13668: gcc -o conftest -g -O2   conftest.c  >&5
configure:13668: $? = 0
configure:13668: ./conftest
configure:13668: $? = 0
configure:13682: result: 8
configure:13696: checking size of uintptr_t
configure:13701: gcc -o conftest -g -O2   conftest.c  >&5
configure:13701: $? = 0
configure:13701: ./conftest
configure:13701: $? = 0
configure:13715: result: 8
configure:13730: checking size of float
configure:13735: gcc -o conftest -g -O2   conftest.c  >&5
configure:13735: $? = 0
configure:13735: ./conftest
configure:13735: $? = 0
configure:13749: result: 4
configure:13763: checking size of double
configure:13768: gcc -o conftest -g -O2   conftest.c  >&5
configure:13768: $? = 0
configure:13768: ./conftest
configure:13768: $? = 0
configure:13782: result: 8
configure:13796: checking size of long double
configure:13801: gcc -o conftest -g -O2   conftest.c  >&5
configure:13801: $? = 0
configure:13801: ./conftest
configure:13801: $? = 0
configure:13815: result: 16
configure:13830: checking size of dev_t
configure:13835: gcc -o conftest -g -O2   conftest.c  >&5
configure:13835: $? = 0
configure:13835: ./conftest
configure:13835: $? = 0
configure:13849: result: 4
configure:13863: checking size of fpos_t
configure:13868: gcc -o conftest -g -O2   conftest.c  >&5
configure:13868: $? = 0
configure:13868: ./conftest
configure:13868: $? = 0
configure:13882: result: 8
configure:13896: checking size of mode_t
configure:13901: gcc -o conftest -g -O2   conftest.c  >&5
configure:13901: $? = 0
configure:13901: ./conftest
configure:13901: $? = 0
configure:13915: result: 2
configure:13929: checking size of off_t
configure:13934: gcc -o conftest -g -O2   conftest.c  >&5
configure:13934: $? = 0
configure:13934: ./conftest
configure:13934: $? = 0
configure:13948: result: 8
configure:13962: checking size of ssize_t
configure:13967: gcc -o conftest -g -O2   conftest.c  >&5
configure:13967: $? = 0
configure:13967: ./conftest
configure:13967: $? = 0
configure:13981: result: 8
configure:13995: checking size of time_t
configure:14000: gcc -o conftest -g -O2   conftest.c  >&5
configure:14000: $? = 0
configure:14000: ./conftest
configure:14000: $? = 0
configure:14014: result: 8
configure:14035: checking for access
configure:14035: gcc -o conftest -g -O2   conftest.c  >&5
configure:14035: $? = 0
configure:14035: result: yes
configure:14035: checking for alloca
configure:14035: gcc -o conftest -g -O2   conftest.c  >&5
conftest.c:100:6: warning: incompatible redeclaration of library function 'alloca' [-Wincompatible-library-redeclaration]
char alloca ();
     ^
conftest.c:100:6: note: 'alloca' is a builtin with type 'void *(unsigned long)'
1 warning generated.
Undefined symbols for architecture x86_64:
  "_alloca", referenced from:
      _main in conftest-b2460c.o
ld: symbol(s) not found for architecture x86_64
clang: error: linker command failed with exit code 1 (use -v to see invocation)
configure:14035: $? = 1
configure: failed program was:
| /* confdefs.h */
| #define PACKAGE_NAME "LZO"
| #define PACKAGE_TARNAME "lzo"
| #define PACKAGE_VERSION "2.10"
| #define PACKAGE_STRING "LZO 2.10"
| #define PACKAGE_BUGREPORT "markus@oberhumer.com"
| #define PACKAGE_URL "http://www.oberhumer.com/opensource/lzo/"
| #define STDC_HEADERS 1
| #define HAVE_SYS_TYPES_H 1
| #define HAVE_SYS_STAT_H 1
| #define HAVE_STDLIB_H 1
| #define HAVE_STRING_H 1
| #define HAVE_MEMORY_H 1
| #define HAVE_STRINGS_H 1
| #define HAVE_INTTYPES_H 1
| #define HAVE_STDINT_H 1
| #define HAVE_UNISTD_H 1
| #define LZO_ABI_LITTLE_ENDIAN 1
| #define PACKAGE "lzo"
| #define VERSION "2.10"
| #define HAVE_DLFCN_H 1
| #define LT_OBJDIR ".libs/"
| #define TIME_WITH_SYS_TIME 1
| #define HAVE_ASSERT_H 1
| #define HAVE_CTYPE_H 1
| #define HAVE_DIRENT_H 1
| #define HAVE_ERRNO_H 1
| #define HAVE_FCNTL_H 1
| #define HAVE_FLOAT_H 1
| #define HAVE_LIMITS_H 1
| #define HAVE_MEMORY_H 1
| #define HAVE_SETJMP_H 1
| #define HAVE_SIGNAL_H 1
| #define HAVE_STDARG_H 1
| #define HAVE_STDDEF_H 1
| #define HAVE_STDINT_H 1
| #define HAVE_STDIO_H 1
| #define HAVE_STDLIB_H 1
| #define HAVE_STRING_H 1
| #define HAVE_STRINGS_H 1
| #define HAVE_TIME_H 1
| #define HAVE_UNISTD_H 1
| #define HAVE_UTIME_H 1
| #define HAVE_SYS_MMAN_H 1
| #define HAVE_SYS_RESOURCE_H 1
| #define HAVE_SYS_STAT_H 1
| #define HAVE_SYS_TIME_H 1
| #define HAVE_SYS_TYPES_H 1
| #define HAVE_SYS_WAIT_H 1
| #define RETSIGTYPE void
| #define SIZEOF_SHORT 2
| #define SIZEOF_INT 4
| #define SIZEOF_LONG 8
| #define SIZEOF_LONG_LONG 8
| #define SIZEOF___INT16 0
| #define SIZEOF___INT32 0
| #define SIZEOF___INT64 0
| #define SIZEOF_VOID_P 8
| #define SIZEOF_SIZE_T 8
| #define SIZEOF_PTRDIFF_T 8
| #define SIZEOF___INT32 0
| #define SIZEOF_INTMAX_T 8
| #define SIZEOF_UINTMAX_T 8
| #define SIZEOF_INTPTR_T 8
| #define SIZEOF_UINTPTR_T 8
| #define SIZEOF_FLOAT 4
| #define SIZEOF_DOUBLE 8
| #define SIZEOF_LONG_DOUBLE 16
| #define SIZEOF_DEV_T 4
| #define SIZEOF_FPOS_T 8
| #define SIZEOF_MODE_T 2
| #define SIZEOF_OFF_T 8
| #define SIZEOF_SSIZE_T 8
| #define SIZEOF_TIME_T 8
| #define HAVE_ACCESS 1
| /* end confdefs.h.  */
| /* Define alloca to an innocuous variant, in case <limits.h> declares alloca.
|    For example, HP-UX 11i <limits.h> declares gettimeofday.  */
| #define alloca innocuous_alloca
| 
| /* System header to define __stub macros and hopefully few prototypes,
|     which can conflict with char alloca (); below.
|     Prefer <limits.h> to <assert.h> if __STDC__ is defined, since
|     <limits.h> exists even on freestanding compilers.  */
| 
| #ifdef __STDC__
| # include <limits.h>
| #else
| # include <assert.h>
| #endif
| 
| #undef alloca
| 
| /* Override any GCC internal prototype to avoid an error.
|    Use char because int might match the return type of a GCC
|    builtin and then its argument prototype would still apply.  */
| #ifdef __cplusplus
| extern "C"
| #endif
| char alloca ();
| /* The GNU C library defines this for functions which it implements
|     to always fail with ENOSYS.  Some functions are actually named
|     something starting with __ and the normal name is an alias.  */
| #if defined __stub_alloca || defined __stub___alloca
| choke me
| #endif
| 
| int
| main ()
| {
| return alloca ();
|   ;
|   return 0;
| }
configure:14035: result: no
configure:14035: checking for atexit
configure:14035: gcc -o conftest -g -O2   conftest.c  >&5
configure:14035: $? = 0
configure:14035: result: yes
configure:14035: checking for atoi
configure:14035: gcc -o conftest -g -O2   conftest.c  >&5
configure:14035: $? = 0
configure:14035: result: yes
configure:14035: checking for atol
configure:14035: gcc -o conftest -g -O2   conftest.c  >&5
configure:14035: $? = 0
configure:14035: result: yes
configure:14035: checking for chmod
configure:14035: gcc -o conftest -g -O2   conftest.c  >&5
configure:14035: $? = 0
configure:14035: result: yes
configure:14035: checking for chown
configure:14035: gcc -o conftest -g -O2   conftest.c  >&5
configure:14035: $? = 0
configure:14035: result: yes
configure:14035: checking for clock_getcpuclockid
configure:14035: gcc -o conftest -g -O2   conftest.c  >&5
Undefined symbols for architecture x86_64:
  "_clock_getcpuclockid", referenced from:
      _main in conftest-be0b17.o
ld: symbol(s) not found for architecture x86_64
clang: error: linker command failed with exit code 1 (use -v to see invocation)
configure:14035: $? = 1
configure: failed program was:
| /* confdefs.h */
| #define PACKAGE_NAME "LZO"
| #define PACKAGE_TARNAME "lzo"
| #define PACKAGE_VERSION "2.10"
| #define PACKAGE_STRING "LZO 2.10"
| #define PACKAGE_BUGREPORT "markus@oberhumer.com"
| #define PACKAGE_URL "http://www.oberhumer.com/opensource/lzo/"
| #define STDC_HEADERS 1
| #define HAVE_SYS_TYPES_H 1
| #define HAVE_SYS_STAT_H 1
| #define HAVE_STDLIB_H 1
| #define HAVE_STRING_H 1
| #define HAVE_MEMORY_H 1
| #define HAVE_STRINGS_H 1
| #define HAVE_INTTYPES_H 1
| #define HAVE_STDINT_H 1
| #define HAVE_UNISTD_H 1
| #define LZO_ABI_LITTLE_ENDIAN 1
| #define PACKAGE "lzo"
| #define VERSION "2.10"
| #define HAVE_DLFCN_H 1
| #define LT_OBJDIR ".libs/"
| #define TIME_WITH_SYS_TIME 1
| #define HAVE_ASSERT_H 1
| #define HAVE_CTYPE_H 1
| #define HAVE_DIRENT_H 1
| #define HAVE_ERRNO_H 1
| #define HAVE_FCNTL_H 1
| #define HAVE_FLOAT_H 1
| #define HAVE_LIMITS_H 1
| #define HAVE_MEMORY_H 1
| #define HAVE_SETJMP_H 1
| #define HAVE_SIGNAL_H 1
| #define HAVE_STDARG_H 1
| #define HAVE_STDDEF_H 1
| #define HAVE_STDINT_H 1
| #define HAVE_STDIO_H 1
| #define HAVE_STDLIB_H 1
| #define HAVE_STRING_H 1
| #define HAVE_STRINGS_H 1
| #define HAVE_TIME_H 1
| #define HAVE_UNISTD_H 1
| #define HAVE_UTIME_H 1
| #define HAVE_SYS_MMAN_H 1
| #define HAVE_SYS_RESOURCE_H 1
| #define HAVE_SYS_STAT_H 1
| #define HAVE_SYS_TIME_H 1
| #define HAVE_SYS_TYPES_H 1
| #define HAVE_SYS_WAIT_H 1
| #define RETSIGTYPE void
| #define SIZEOF_SHORT 2
| #define SIZEOF_INT 4
| #define SIZEOF_LONG 8
| #define SIZEOF_LONG_LONG 8
| #define SIZEOF___INT16 0
| #define SIZEOF___INT32 0
| #define SIZEOF___INT64 0
| #define SIZEOF_VOID_P 8
| #define SIZEOF_SIZE_T 8
| #define SIZEOF_PTRDIFF_T 8
| #define SIZEOF___INT32 0
| #define SIZEOF_INTMAX_T 8
| #define SIZEOF_UINTMAX_T 8
| #define SIZEOF_INTPTR_T 8
| #define SIZEOF_UINTPTR_T 8
| #define SIZEOF_FLOAT 4
| #define SIZEOF_DOUBLE 8
| #define SIZEOF_LONG_DOUBLE 16
| #define SIZEOF_DEV_T 4
| #define SIZEOF_FPOS_T 8
| #define SIZEOF_MODE_T 2
| #define SIZEOF_OFF_T 8
| #define SIZEOF_SSIZE_T 8
| #define SIZEOF_TIME_T 8
| #define HAVE_ACCESS 1
| #define HAVE_ATEXIT 1
| #define HAVE_ATOI 1
| #define HAVE_ATOL 1
| #define HAVE_CHMOD 1
| #define HAVE_CHOWN 1
| /* end confdefs.h.  */
| /* Define clock_getcpuclockid to an innocuous variant, in case <limits.h> declares clock_getcpuclockid.
|    For example, HP-UX 11i <limits.h> declares gettimeofday.  */
| #define clock_getcpuclockid innocuous_clock_getcpuclockid
| 
| /* System header to define __stub macros and hopefully few prototypes,
|     which can conflict with char clock_getcpuclockid (); below.
|     Prefer <limits.h> to <assert.h> if __STDC__ is defined, since
|     <limits.h> exists even on freestanding compilers.  */
| 
| #ifdef __STDC__
| # include <limits.h>
| #else
| # include <assert.h>
| #endif
| 
| #undef clock_getcpuclockid
| 
| /* Override any GCC internal prototype to avoid an error.
|    Use char because int might match the return type of a GCC
|    builtin and then its argument prototype would still apply.  */
| #ifdef __cplusplus
| extern "C"
| #endif
| char clock_getcpuclockid ();
| /* The GNU C library defines this for functions which it implements
|     to always fail with ENOSYS.  Some functions are actually named
|     something starting with __ and the normal name is an alias.  */
| #if defined __stub_clock_getcpuclockid || defined __stub___clock_getcpuclockid
| choke me
| #endif
| 
| int
| main ()
| {
| return clock_getcpuclockid ();
|   ;
|   return 0;
| }
configure:14035: result: no
configure:14035: checking for clock_getres
configure:14035: gcc -o conftest -g -O2   conftest.c  >&5
configure:14035: $? = 0
configure:14035: result: yes
configure:14035: checking for clock_gettime
configure:14035: gcc -o conftest -g -O2   conftest.c  >&5
configure:14035: $? = 0
configure:14035: result: yes
configure:14035: checking for ctime
configure:14035: gcc -o conftest -g -O2   conftest.c  >&5
configure:14035: $? = 0
configure:14035: result: yes
configure:14035: checking for difftime
configure:14035: gcc -o conftest -g -O2   conftest.c  >&5
configure:14035: $? = 0
configure:14035: result: yes
configure:14035: checking for fstat
configure:14035: gcc -o conftest -g -O2   conftest.c  >&5
configure:14035: $? = 0
configure:14035: result: yes
configure:14035: checking for getenv
configure:14035: gcc -o conftest -g -O2   conftest.c  >&5
configure:14035: $? = 0
configure:14035: result: yes
configure:14035: checking for getpagesize
configure:14035: gcc -o conftest -g -O2   conftest.c  >&5
configure:14035: $? = 0
configure:14035: result: yes
configure:14035: checking for getrusage
configure:14035: gcc -o conftest -g -O2   conftest.c  >&5
configure:14035: $? = 0
configure:14035: result: yes
configure:14035: checking for gettimeofday
configure:14035: gcc -o conftest -g -O2   conftest.c  >&5
configure:14035: $? = 0
configure:14035: result: yes
configure:14035: checking for gmtime
configure:14035: gcc -o conftest -g -O2   conftest.c  >&5
configure:14035: $? = 0
configure:14035: result: yes
configure:14035: checking for isatty
configure:14035: gcc -o conftest -g -O2   conftest.c  >&5
configure:14035: $? = 0
configure:14035: result: yes
configure:14035: checking for localtime
configure:14035: gcc -o conftest -g -O2   conftest.c  >&5
configure:14035: $? = 0
configure:14035: result: yes
configure:14035: checking for longjmp
configure:14035: gcc -o conftest -g -O2   conftest.c  >&5
conftest.c:117:6: warning: declaration of built-in function 'longjmp' requires the declaration of the 'jmp_buf' type, commonly provided in the header <setjmp.h>. [-Wincomplete-setjmp-declaration]
char longjmp ();
     ^
1 warning generated.
configure:14035: $? = 0
configure:14035: result: yes
configure:14035: checking for lstat
configure:14035: gcc -o conftest -g -O2   conftest.c  >&5
configure:14035: $? = 0
configure:14035: result: yes
configure:14035: checking for memcmp
configure:14035: gcc -o conftest -g -O2   conftest.c  >&5
conftest.c:119:6: warning: incompatible redeclaration of library function 'memcmp' [-Wincompatible-library-redeclaration]
char memcmp ();
     ^
conftest.c:119:6: note: 'memcmp' is a builtin with type 'int (const void *, const void *, unsigned long)'
1 warning generated.
configure:14035: $? = 0
configure:14035: result: yes
configure:14035: checking for memcpy
configure:14035: gcc -o conftest -g -O2   conftest.c  >&5
conftest.c:120:6: warning: incompatible redeclaration of library function 'memcpy' [-Wincompatible-library-redeclaration]
char memcpy ();
     ^
conftest.c:120:6: note: 'memcpy' is a builtin with type 'void *(void *, const void *, unsigned long)'
1 warning generated.
configure:14035: $? = 0
configure:14035: result: yes
configure:14035: checking for memmove
configure:14035: gcc -o conftest -g -O2   conftest.c  >&5
conftest.c:121:6: warning: incompatible redeclaration of library function 'memmove' [-Wincompatible-library-redeclaration]
char memmove ();
     ^
conftest.c:121:6: note: 'memmove' is a builtin with type 'void *(void *, const void *, unsigned long)'
1 warning generated.
configure:14035: $? = 0
configure:14035: result: yes
configure:14035: checking for memset
configure:14035: gcc -o conftest -g -O2   conftest.c  >&5
conftest.c:122:6: warning: incompatible redeclaration of library function 'memset' [-Wincompatible-library-redeclaration]
char memset ();
     ^
conftest.c:122:6: note: 'memset' is a builtin with type 'void *(void *, int, unsigned long)'
1 warning generated.
configure:14035: $? = 0
configure:14035: result: yes
configure:14035: checking for mkdir
configure:14035: gcc -o conftest -g -O2   conftest.c  >&5
configure:14035: $? = 0
configure:14035: result: yes
configure:14035: checking for mktime
configure:14035: gcc -o conftest -g -O2   conftest.c  >&5
configure:14035: $? = 0
configure:14035: result: yes
configure:14035: checking for mmap
configure:14035: gcc -o conftest -g -O2   conftest.c  >&5
configure:14035: $? = 0
configure:14035: result: yes
configure:14035: checking for mprotect
configure:14035: gcc -o conftest -g -O2   conftest.c  >&5
configure:14035: $? = 0
configure:14035: result: yes
configure:14035: checking for munmap
configure:14035: gcc -o conftest -g -O2   conftest.c  >&5
configure:14035: $? = 0
configure:14035: result: yes
configure:14035: checking for qsort
configure:14035: gcc -o conftest -g -O2   conftest.c  >&5
configure:14035: $? = 0
configure:14035: result: yes
configure:14035: checking for raise
configure:14035: gcc -o conftest -g -O2   conftest.c  >&5
configure:14035: $? = 0
configure:14035: result: yes
configure:14035: checking for rmdir
configure:14035: gcc -o conftest -g -O2   conftest.c  >&5
configure:14035: $? = 0
configure:14035: result: yes
configure:14035: checking for setjmp
configure:14035: gcc -o conftest -g -O2   conftest.c  >&5
conftest.c:131:6: warning: declaration of built-in function 'setjmp' requires the declaration of the 'jmp_buf' type, commonly provided in the header <setjmp.h>. [-Wincomplete-setjmp-declaration]
char setjmp ();
     ^
1 warning generated.
configure:14035: $? = 0
configure:14035: result: yes
configure:14035: checking for signal
configure:14035: gcc -o conftest -g -O2   conftest.c  >&5
configure:14035: $? = 0
configure:14035: result: yes
configure:14035: checking for snprintf
configure:14035: gcc -o conftest -g -O2   conftest.c  >&5
conftest.c:133:6: warning: incompatible redeclaration of library function 'snprintf' [-Wincompatible-library-redeclaration]
char snprintf ();
     ^
conftest.c:133:6: note: 'snprintf' is a builtin with type 'int (char *, unsigned long, const char *, ...)'
1 warning generated.
configure:14035: $? = 0
configure:14035: result: yes
configure:14035: checking for strcasecmp
configure:14035: gcc -o conftest -g -O2   conftest.c  >&5
conftest.c:134:6: warning: incompatible redeclaration of library function 'strcasecmp' [-Wincompatible-library-redeclaration]
char strcasecmp ();
     ^
conftest.c:134:6: note: 'strcasecmp' is a builtin with type 'int (const char *, const char *)'
1 warning generated.
configure:14035: $? = 0
configure:14035: result: yes
configure:14035: checking for strchr
configure:14035: gcc -o conftest -g -O2   conftest.c  >&5
conftest.c:135:6: warning: incompatible redeclaration of library function 'strchr' [-Wincompatible-library-redeclaration]
char strchr ();
     ^
conftest.c:135:6: note: 'strchr' is a builtin with type 'char *(const char *, int)'
1 warning generated.
configure:14035: $? = 0
configure:14035: result: yes
configure:14035: checking for strdup
configure:14035: gcc -o conftest -g -O2   conftest.c  >&5
conftest.c:136:6: warning: incompatible redeclaration of library function 'strdup' [-Wincompatible-library-redeclaration]
char strdup ();
     ^
conftest.c:136:6: note: 'strdup' is a builtin with type 'char *(const char *)'
1 warning generated.
configure:14035: $? = 0
configure:14035: result: yes
configure:14035: checking for strerror
configure:14035: gcc -o conftest -g -O2   conftest.c  >&5
conftest.c:137:6: warning: incompatible redeclaration of library function 'strerror' [-Wincompatible-library-redeclaration]
char strerror ();
     ^
conftest.c:137:6: note: 'strerror' is a builtin with type 'char *(int)'
1 warning generated.
configure:14035: $? = 0
configure:14035: result: yes
configure:14035: checking for strftime
configure:14035: gcc -o conftest -g -O2   conftest.c  >&5
configure:14035: $? = 0
configure:14035: result: yes
configure:14035: checking for stricmp
configure:14035: gcc -o conftest -g -O2   conftest.c  >&5
Undefined symbols for architecture x86_64:
  "_stricmp", referenced from:
      _main in conftest-a6ff3b.o
ld: symbol(s) not found for architecture x86_64
clang: error: linker command failed with exit code 1 (use -v to see invocation)
configure:14035: $? = 1
configure: failed program was:
| /* confdefs.h */
| #define PACKAGE_NAME "LZO"
| #define PACKAGE_TARNAME "lzo"
| #define PACKAGE_VERSION "2.10"
| #define PACKAGE_STRING "LZO 2.10"
| #define PACKAGE_BUGREPORT "markus@oberhumer.com"
| #define PACKAGE_URL "http://www.oberhumer.com/opensource/lzo/"
| #define STDC_HEADERS 1
| #define HAVE_SYS_TYPES_H 1
| #define HAVE_SYS_STAT_H 1
| #define HAVE_STDLIB_H 1
| #define HAVE_STRING_H 1
| #define HAVE_MEMORY_H 1
| #define HAVE_STRINGS_H 1
| #define HAVE_INTTYPES_H 1
| #define HAVE_STDINT_H 1
| #define HAVE_UNISTD_H 1
| #define LZO_ABI_LITTLE_ENDIAN 1
| #define PACKAGE "lzo"
| #define VERSION "2.10"
| #define HAVE_DLFCN_H 1
| #define LT_OBJDIR ".libs/"
| #define TIME_WITH_SYS_TIME 1
| #define HAVE_ASSERT_H 1
| #define HAVE_CTYPE_H 1
| #define HAVE_DIRENT_H 1
| #define HAVE_ERRNO_H 1
| #define HAVE_FCNTL_H 1
| #define HAVE_FLOAT_H 1
| #define HAVE_LIMITS_H 1
| #define HAVE_MEMORY_H 1
| #define HAVE_SETJMP_H 1
| #define HAVE_SIGNAL_H 1
| #define HAVE_STDARG_H 1
| #define HAVE_STDDEF_H 1
| #define HAVE_STDINT_H 1
| #define HAVE_STDIO_H 1
| #define HAVE_STDLIB_H 1
| #define HAVE_STRING_H 1
| #define HAVE_STRINGS_H 1
| #define HAVE_TIME_H 1
| #define HAVE_UNISTD_H 1
| #define HAVE_UTIME_H 1
| #define HAVE_SYS_MMAN_H 1
| #define HAVE_SYS_RESOURCE_H 1
| #define HAVE_SYS_STAT_H 1
| #define HAVE_SYS_TIME_H 1
| #define HAVE_SYS_TYPES_H 1
| #define HAVE_SYS_WAIT_H 1
| #define RETSIGTYPE void
| #define SIZEOF_SHORT 2
| #define SIZEOF_INT 4
| #define SIZEOF_LONG 8
| #define SIZEOF_LONG_LONG 8
| #define SIZEOF___INT16 0
| #define SIZEOF___INT32 0
| #define SIZEOF___INT64 0
| #define SIZEOF_VOID_P 8
| #define SIZEOF_SIZE_T 8
| #define SIZEOF_PTRDIFF_T 8
| #define SIZEOF___INT32 0
| #define SIZEOF_INTMAX_T 8
| #define SIZEOF_UINTMAX_T 8
| #define SIZEOF_INTPTR_T 8
| #define SIZEOF_UINTPTR_T 8
| #define SIZEOF_FLOAT 4
| #define SIZEOF_DOUBLE 8
| #define SIZEOF_LONG_DOUBLE 16
| #define SIZEOF_DEV_T 4
| #define SIZEOF_FPOS_T 8
| #define SIZEOF_MODE_T 2
| #define SIZEOF_OFF_T 8
| #define SIZEOF_SSIZE_T 8
| #define SIZEOF_TIME_T 8
| #define HAVE_ACCESS 1
| #define HAVE_ATEXIT 1
| #define HAVE_ATOI 1
| #define HAVE_ATOL 1
| #define HAVE_CHMOD 1
| #define HAVE_CHOWN 1
| #define HAVE_CLOCK_GETRES 1
| #define HAVE_CLOCK_GETTIME 1
| #define HAVE_CTIME 1
| #define HAVE_DIFFTIME 1
| #define HAVE_FSTAT 1
| #define HAVE_GETENV 1
| #define HAVE_GETPAGESIZE 1
| #define HAVE_GETRUSAGE 1
| #define HAVE_GETTIMEOFDAY 1
| #define HAVE_GMTIME 1
| #define HAVE_ISATTY 1
| #define HAVE_LOCALTIME 1
| #define HAVE_LONGJMP 1
| #define HAVE_LSTAT 1
| #define HAVE_MEMCMP 1
| #define HAVE_MEMCPY 1
| #define HAVE_MEMMOVE 1
| #define HAVE_MEMSET 1
| #define HAVE_MKDIR 1
| #define HAVE_MKTIME 1
| #define HAVE_MMAP 1
| #define HAVE_MPROTECT 1
| #define HAVE_MUNMAP 1
| #define HAVE_QSORT 1
| #define HAVE_RAISE 1
| #define HAVE_RMDIR 1
| #define HAVE_SETJMP 1
| #define HAVE_SIGNAL 1
| #define HAVE_SNPRINTF 1
| #define HAVE_STRCASECMP 1
| #define HAVE_STRCHR 1
| #define HAVE_STRDUP 1
| #define HAVE_STRERROR 1
| #define HAVE_STRFTIME 1
| /* end confdefs.h.  */
| /* Define stricmp to an innocuous variant, in case <limits.h> declares stricmp.
|    For example, HP-UX 11i <limits.h> declares gettimeofday.  */
| #define stricmp innocuous_stricmp
| 
| /* System header to define __stub macros and hopefully few prototypes,
|     which can conflict with char stricmp (); below.
|     Prefer <limits.h> to <assert.h> if __STDC__ is defined, since
|     <limits.h> exists even on freestanding compilers.  */
| 
| #ifdef __STDC__
| # include <limits.h>
| #else
| # include <assert.h>
| #endif
| 
| #undef stricmp
| 
| /* Override any GCC internal prototype to avoid an error.
|    Use char because int might match the return type of a GCC
|    builtin and then its argument prototype would still apply.  */
| #ifdef __cplusplus
| extern "C"
| #endif
| char stricmp ();
| /* The GNU C library defines this for functions which it implements
|     to always fail with ENOSYS.  Some functions are actually named
|     something starting with __ and the normal name is an alias.  */
| #if defined __stub_stricmp || defined __stub___stricmp
| choke me
| #endif
| 
| int
| main ()
| {
| return stricmp ();
|   ;
|   return 0;
| }
configure:14035: result: no
configure:14035: checking for strncasecmp
configure:14035: gcc -o conftest -g -O2   conftest.c  >&5
conftest.c:139:6: warning: incompatible redeclaration of library function 'strncasecmp' [-Wincompatible-library-redeclaration]
char strncasecmp ();
     ^
conftest.c:139:6: note: 'strncasecmp' is a builtin with type 'int (const char *, const char *, unsigned long)'
1 warning generated.
configure:14035: $? = 0
configure:14035: result: yes
configure:14035: checking for strnicmp
configure:14035: gcc -o conftest -g -O2   conftest.c  >&5
Undefined symbols for architecture x86_64:
  "_strnicmp", referenced from:
      _main in conftest-edcb76.o
ld: symbol(s) not found for architecture x86_64
clang: error: linker command failed with exit code 1 (use -v to see invocation)
configure:14035: $? = 1
configure: failed program was:
| /* confdefs.h */
| #define PACKAGE_NAME "LZO"
| #define PACKAGE_TARNAME "lzo"
| #define PACKAGE_VERSION "2.10"
| #define PACKAGE_STRING "LZO 2.10"
| #define PACKAGE_BUGREPORT "markus@oberhumer.com"
| #define PACKAGE_URL "http://www.oberhumer.com/opensource/lzo/"
| #define STDC_HEADERS 1
| #define HAVE_SYS_TYPES_H 1
| #define HAVE_SYS_STAT_H 1
| #define HAVE_STDLIB_H 1
| #define HAVE_STRING_H 1
| #define HAVE_MEMORY_H 1
| #define HAVE_STRINGS_H 1
| #define HAVE_INTTYPES_H 1
| #define HAVE_STDINT_H 1
| #define HAVE_UNISTD_H 1
| #define LZO_ABI_LITTLE_ENDIAN 1
| #define PACKAGE "lzo"
| #define VERSION "2.10"
| #define HAVE_DLFCN_H 1
| #define LT_OBJDIR ".libs/"
| #define TIME_WITH_SYS_TIME 1
| #define HAVE_ASSERT_H 1
| #define HAVE_CTYPE_H 1
| #define HAVE_DIRENT_H 1
| #define HAVE_ERRNO_H 1
| #define HAVE_FCNTL_H 1
| #define HAVE_FLOAT_H 1
| #define HAVE_LIMITS_H 1
| #define HAVE_MEMORY_H 1
| #define HAVE_SETJMP_H 1
| #define HAVE_SIGNAL_H 1
| #define HAVE_STDARG_H 1
| #define HAVE_STDDEF_H 1
| #define HAVE_STDINT_H 1
| #define HAVE_STDIO_H 1
| #define HAVE_STDLIB_H 1
| #define HAVE_STRING_H 1
| #define HAVE_STRINGS_H 1
| #define HAVE_TIME_H 1
| #define HAVE_UNISTD_H 1
| #define HAVE_UTIME_H 1
| #define HAVE_SYS_MMAN_H 1
| #define HAVE_SYS_RESOURCE_H 1
| #define HAVE_SYS_STAT_H 1
| #define HAVE_SYS_TIME_H 1
| #define HAVE_SYS_TYPES_H 1
| #define HAVE_SYS_WAIT_H 1
| #define RETSIGTYPE void
| #define SIZEOF_SHORT 2
| #define SIZEOF_INT 4
| #define SIZEOF_LONG 8
| #define SIZEOF_LONG_LONG 8
| #define SIZEOF___INT16 0
| #define SIZEOF___INT32 0
| #define SIZEOF___INT64 0
| #define SIZEOF_VOID_P 8
| #define SIZEOF_SIZE_T 8
| #define SIZEOF_PTRDIFF_T 8
| #define SIZEOF___INT32 0
| #define SIZEOF_INTMAX_T 8
| #define SIZEOF_UINTMAX_T 8
| #define SIZEOF_INTPTR_T 8
| #define SIZEOF_UINTPTR_T 8
| #define SIZEOF_FLOAT 4
| #define SIZEOF_DOUBLE 8
| #define SIZEOF_LONG_DOUBLE 16
| #define SIZEOF_DEV_T 4
| #define SIZEOF_FPOS_T 8
| #define SIZEOF_MODE_T 2
| #define SIZEOF_OFF_T 8
| #define SIZEOF_SSIZE_T 8
| #define SIZEOF_TIME_T 8
| #define HAVE_ACCESS 1
| #define HAVE_ATEXIT 1
| #define HAVE_ATOI 1
| #define HAVE_ATOL 1
| #define HAVE_CHMOD 1
| #define HAVE_CHOWN 1
| #define HAVE_CLOCK_GETRES 1
| #define HAVE_CLOCK_GETTIME 1
| #define HAVE_CTIME 1
| #define HAVE_DIFFTIME 1
| #define HAVE_FSTAT 1
| #define HAVE_GETENV 1
| #define HAVE_GETPAGESIZE 1
| #define HAVE_GETRUSAGE 1
| #define HAVE_GETTIMEOFDAY 1
| #define HAVE_GMTIME 1
| #define HAVE_ISATTY 1
| #define HAVE_LOCALTIME 1
| #define HAVE_LONGJMP 1
| #define HAVE_LSTAT 1
| #define HAVE_MEMCMP 1
| #define HAVE_MEMCPY 1
| #define HAVE_MEMMOVE 1
| #define HAVE_MEMSET 1
| #define HAVE_MKDIR 1
| #define HAVE_MKTIME 1
| #define HAVE_MMAP 1
| #define HAVE_MPROTECT 1
| #define HAVE_MUNMAP 1
| #define HAVE_QSORT 1
| #define HAVE_RAISE 1
| #define HAVE_RMDIR 1
| #define HAVE_SETJMP 1
| #define HAVE_SIGNAL 1
| #define HAVE_SNPRINTF 1
| #define HAVE_STRCASECMP 1
| #define HAVE_STRCHR 1
| #define HAVE_STRDUP 1
| #define HAVE_STRERROR 1
| #define HAVE_STRFTIME 1
| #define HAVE_STRNCASECMP 1
| /* end confdefs.h.  */
| /* Define strnicmp to an innocuous variant, in case <limits.h> declares strnicmp.
|    For example, HP-UX 11i <limits.h> declares gettimeofday.  */
| #define strnicmp innocuous_strnicmp
| 
| /* System header to define __stub macros and hopefully few prototypes,
|     which can conflict with char strnicmp (); below.
|     Prefer <limits.h> to <assert.h> if __STDC__ is defined, since
|     <limits.h> exists even on freestanding compilers.  */
| 
| #ifdef __STDC__
| # include <limits.h>
| #else
| # include <assert.h>
| #endif
| 
| #undef strnicmp
| 
| /* Override any GCC internal prototype to avoid an error.
|    Use char because int might match the return type of a GCC
|    builtin and then its argument prototype would still apply.  */
| #ifdef __cplusplus
| extern "C"
| #endif
| char strnicmp ();
| /* The GNU C library defines this for functions which it implements
|     to always fail with ENOSYS.  Some functions are actually named
|     something starting with __ and the normal name is an alias.  */
| #if defined __stub_strnicmp || defined __stub___strnicmp
| choke me
| #endif
| 
| int
| main ()
| {
| return strnicmp ();
|   ;
|   return 0;
| }
configure:14035: result: no
configure:14035: checking for strrchr
configure:14035: gcc -o conftest -g -O2   conftest.c  >&5
conftest.c:140:6: warning: incompatible redeclaration of library function 'strrchr' [-Wincompatible-library-redeclaration]
char strrchr ();
     ^
conftest.c:140:6: note: 'strrchr' is a builtin with type 'char *(const char *, int)'
1 warning generated.
configure:14035: $? = 0
configure:14035: result: yes
configure:14035: checking for strstr
configure:14035: gcc -o conftest -g -O2   conftest.c  >&5
conftest.c:141:6: warning: incompatible redeclaration of library function 'strstr' [-Wincompatible-library-redeclaration]
char strstr ();
     ^
conftest.c:141:6: note: 'strstr' is a builtin with type 'char *(const char *, const char *)'
1 warning generated.
configure:14035: $? = 0
configure:14035: result: yes
configure:14035: checking for time
configure:14035: gcc -o conftest -g -O2   conftest.c  >&5
configure:14035: $? = 0
configure:14035: result: yes
configure:14035: checking for umask
configure:14035: gcc -o conftest -g -O2   conftest.c  >&5
configure:14035: $? = 0
configure:14035: result: yes
configure:14035: checking for utime
configure:14035: gcc -o conftest -g -O2   conftest.c  >&5
configure:14035: $? = 0
configure:14035: result: yes
configure:14035: checking for vsnprintf
configure:14035: gcc -o conftest -g -O2   conftest.c  >&5
conftest.c:145:6: warning: incompatible redeclaration of library function 'vsnprintf' [-Wincompatible-library-redeclaration]
char vsnprintf ();
     ^
conftest.c:145:6: note: 'vsnprintf' is a builtin with type 'int (char *, unsigned long, const char *, struct __va_list_tag *)'
1 warning generated.
configure:14035: $? = 0
configure:14035: result: yes
configure:14078: checking whether to build assembly versions
configure:14090: gcc -g -O2 -c conftest.S 1>&5
conftest.S:2:2: error: 
#error
 ^
conftest.S:5:10: fatal error: '/Users/yimingz/X/source/shareDT/contrib/lzo-2.10/asm/amd64/src_gas/elf64/lzo1x_f1.S' file not found
#include "/Users/yimingz/X/source/shareDT/contrib/lzo-2.10/asm/amd64/src_gas/elf64/lzo1x_f1.S"
         ^~~~~~~~~~~~~~~~~~~~~~~~~~~~~~~~~~~~~~~~~~~~~~~~~~~~~~~~~~~~~~~~~~~~~~~~~~~~~~~~~~~~~
2 errors generated.
configure:14093: $? = 1
configure: failed program was:
#if !defined(__i386__) && !defined(__i386)
#error
this+is+an+error
#endif
#include "/Users/yimingz/X/source/shareDT/contrib/lzo-2.10/asm/amd64/src_gas/elf64/lzo1x_f1.S"
configure:14112: result: no
configure:14142: checking whether your compiler passes the LZO conformance test
configure:14190: gcc -c -g -O2 -I./include -I.  conftest.c >&5
configure:14190: $? = 0
configure:14198: result: yes
configure:14354: checking that generated files are newer than configure
configure:14360: result: done
configure:14392: creating ./config.status

## ---------------------- ##
## Running config.status. ##
## ---------------------- ##

This file was extended by LZO config.status 2.10, which was
generated by GNU Autoconf 2.69.  Invocation command line was

  CONFIG_FILES    = 
  CONFIG_HEADERS  = 
  CONFIG_LINKS    = 
  CONFIG_COMMANDS = 
  $ ./config.status 

on yimingz-MBP-ACC16

config.status:1195: creating Makefile
config.status:1195: creating lzo2.pc
config.status:1195: creating config.h
config.status:1424: executing depfiles commands
config.status:1424: executing libtool commands

## ---------------- ##
## Cache variables. ##
## ---------------- ##

ac_cv_build=x86_64-apple-darwin19.6.0
ac_cv_c_bigendian=no
ac_cv_c_compiler_gnu=yes
ac_cv_c_const=yes
ac_cv_env_CCASFLAGS_set=
ac_cv_env_CCASFLAGS_value=
ac_cv_env_CCAS_set=
ac_cv_env_CCAS_value=
ac_cv_env_CC_set=
ac_cv_env_CC_value=
ac_cv_env_CFLAGS_set=
ac_cv_env_CFLAGS_value=
ac_cv_env_CPPFLAGS_set=
ac_cv_env_CPPFLAGS_value=
ac_cv_env_CPP_set=
ac_cv_env_CPP_value=
ac_cv_env_LDFLAGS_set=
ac_cv_env_LDFLAGS_value=
ac_cv_env_LIBS_set=
ac_cv_env_LIBS_value=
ac_cv_env_build_alias_set=
ac_cv_env_build_alias_value=
ac_cv_env_host_alias_set=
ac_cv_env_host_alias_value=
ac_cv_env_target_alias_set=
ac_cv_env_target_alias_value=
ac_cv_func_access=yes
ac_cv_func_alloca=no
ac_cv_func_atexit=yes
ac_cv_func_atoi=yes
ac_cv_func_atol=yes
ac_cv_func_chmod=yes
ac_cv_func_chown=yes
ac_cv_func_clock_getcpuclockid=no
ac_cv_func_clock_getres=yes
ac_cv_func_clock_gettime=yes
ac_cv_func_ctime=yes
ac_cv_func_difftime=yes
ac_cv_func_fstat=yes
ac_cv_func_getenv=yes
ac_cv_func_getpagesize=yes
ac_cv_func_getrusage=yes
ac_cv_func_gettimeofday=yes
ac_cv_func_gmtime=yes
ac_cv_func_isatty=yes
ac_cv_func_localtime=yes
ac_cv_func_longjmp=yes
ac_cv_func_lstat=yes
ac_cv_func_memcmp=yes
ac_cv_func_memcpy=yes
ac_cv_func_memmove=yes
ac_cv_func_memset=yes
ac_cv_func_mkdir=yes
ac_cv_func_mktime=yes
ac_cv_func_mmap=yes
ac_cv_func_mprotect=yes
ac_cv_func_munmap=yes
ac_cv_func_qsort=yes
ac_cv_func_raise=yes
ac_cv_func_rmdir=yes
ac_cv_func_setjmp=yes
ac_cv_func_signal=yes
ac_cv_func_snprintf=yes
ac_cv_func_strcasecmp=yes
ac_cv_func_strchr=yes
ac_cv_func_strdup=yes
ac_cv_func_strerror=yes
ac_cv_func_strftime=yes
ac_cv_func_stricmp=no
ac_cv_func_strncasecmp=yes
ac_cv_func_strnicmp=no
ac_cv_func_strrchr=yes
ac_cv_func_strstr=yes
ac_cv_func_time=yes
ac_cv_func_umask=yes
ac_cv_func_utime=yes
ac_cv_func_vsnprintf=yes
ac_cv_header_assert_h=yes
ac_cv_header_ctype_h=yes
ac_cv_header_dirent_h=yes
ac_cv_header_dlfcn_h=yes
ac_cv_header_errno_h=yes
ac_cv_header_fcntl_h=yes
ac_cv_header_float_h=yes
ac_cv_header_inttypes_h=yes
ac_cv_header_limits_h=yes
ac_cv_header_malloc_h=no
ac_cv_header_memory_h=yes
ac_cv_header_setjmp_h=yes
ac_cv_header_signal_h=yes
ac_cv_header_stdarg_h=yes
ac_cv_header_stdc=yes
ac_cv_header_stddef_h=yes
ac_cv_header_stdint_h=yes
ac_cv_header_stdio_h=yes
ac_cv_header_stdlib_h=yes
ac_cv_header_string_h=yes
ac_cv_header_strings_h=yes
ac_cv_header_sys_mman_h=yes
ac_cv_header_sys_resource_h=yes
ac_cv_header_sys_stat_h=yes
ac_cv_header_sys_time_h=yes
ac_cv_header_sys_types_h=yes
ac_cv_header_sys_wait_h=yes
ac_cv_header_time=yes
ac_cv_header_time_h=yes
ac_cv_header_unistd_h=yes
ac_cv_header_utime_h=yes
ac_cv_host=x86_64-apple-darwin19.6.0
ac_cv_objext=o
ac_cv_path_EGREP='/usr/bin/grep -E'
ac_cv_path_FGREP='/usr/bin/grep -F'
ac_cv_path_GREP=/usr/bin/grep
ac_cv_path_SED=/usr/bin/sed
ac_cv_path_install='/usr/bin/install -c'
ac_cv_prog_AWK=awk
ac_cv_prog_CPP='gcc -E'
ac_cv_prog_ac_ct_AR=ar
ac_cv_prog_ac_ct_CC=gcc
ac_cv_prog_ac_ct_DSYMUTIL=dsymutil
ac_cv_prog_ac_ct_LIPO=lipo
ac_cv_prog_ac_ct_NMEDIT=nmedit
ac_cv_prog_ac_ct_OBJDUMP=objdump
ac_cv_prog_ac_ct_OTOOL=otool
ac_cv_prog_ac_ct_RANLIB=ranlib
ac_cv_prog_ac_ct_STRIP=strip
ac_cv_prog_cc_c89=
ac_cv_prog_cc_g=yes
ac_cv_prog_make_make_set=yes
ac_cv_sizeof___int16=0
ac_cv_sizeof___int32=0
ac_cv_sizeof___int64=0
ac_cv_sizeof_dev_t=4
ac_cv_sizeof_double=8
ac_cv_sizeof_float=4
ac_cv_sizeof_fpos_t=8
ac_cv_sizeof_int=4
ac_cv_sizeof_intmax_t=8
ac_cv_sizeof_intptr_t=8
ac_cv_sizeof_long=8
ac_cv_sizeof_long_double=16
ac_cv_sizeof_long_long=8
ac_cv_sizeof_mode_t=2
ac_cv_sizeof_off_t=8
ac_cv_sizeof_ptrdiff_t=8
ac_cv_sizeof_short=2
ac_cv_sizeof_size_t=8
ac_cv_sizeof_ssize_t=8
ac_cv_sizeof_time_t=8
ac_cv_sizeof_uintmax_t=8
ac_cv_sizeof_uintptr_t=8
ac_cv_sizeof_void_p=8
ac_cv_sys_file_offset_bits=no
ac_cv_sys_largefile_CC=no
ac_cv_target=x86_64-apple-darwin19.6.0
ac_cv_type_off_t=yes
ac_cv_type_ptrdiff_t=yes
ac_cv_type_signal=void
ac_cv_type_size_t=yes
am_cv_CCAS_dependencies_compiler_type=gcc3
am_cv_CC_dependencies_compiler_type=gcc3
am_cv_ar_interface=ar
am_cv_make_support_nested_variables=yes
am_cv_prog_cc_c_o=yes
lt_cv_apple_cc_single_mod=yes
lt_cv_ar_at_file=no
lt_cv_deplibs_check_method=pass_all
lt_cv_file_magic_cmd='$MAGIC_CMD'
lt_cv_file_magic_test_file=
lt_cv_ld_exported_symbols_list=yes
lt_cv_ld_force_load=yes
lt_cv_ld_reload_flag=-r
lt_cv_nm_interface='BSD nm'
lt_cv_objdir=.libs
lt_cv_path_LD=/Applications/Xcode.app/Contents/Developer/Toolchains/XcodeDefault.xctoolchain/usr/bin/ld
lt_cv_path_NM='/usr/bin/nm -B'
lt_cv_path_mainfest_tool=no
lt_cv_prog_compiler_c_o=yes
lt_cv_prog_compiler_pic='-fno-common -DPIC'
lt_cv_prog_compiler_pic_works=yes
lt_cv_prog_compiler_rtti_exceptions=yes
lt_cv_prog_compiler_static_works=no
lt_cv_prog_gnu_ld=no
lt_cv_sharedlib_from_linklib_cmd='printf %s\n'
lt_cv_sys_global_symbol_pipe='sed -n -e '\''s/^.*[	 ]\([BCDEGRST][BCDEGRST]*\)[	 ][	 ]*_\([_A-Za-z][_A-Za-z0-9]*\)$/\1 _\2 \2/p'\'' | sed '\''/ __gnu_lto/d'\'''
lt_cv_sys_global_symbol_to_c_name_address='sed -n -e '\''s/^: \(.*\) .*$/  {"\1", (void *) 0},/p'\'' -e '\''s/^[BCDEGRST][BCDEGRST]* .* \(.*\)$/  {"\1", (void *) \&\1},/p'\'''
lt_cv_sys_global_symbol_to_c_name_address_lib_prefix='sed -n -e '\''s/^: \(.*\) .*$/  {"\1", (void *) 0},/p'\'' -e '\''s/^[BCDEGRST][BCDEGRST]* .* \(lib.*\)$/  {"\1", (void *) \&\1},/p'\'' -e '\''s/^[BCDEGRST][BCDEGRST]* .* \(.*\)$/  {"lib\1", (void *) \&\1},/p'\'''
lt_cv_sys_global_symbol_to_cdecl='sed -n -e '\''s/^T .* \(.*\)$/extern int \1();/p'\'' -e '\''s/^[BCDEGRST][BCDEGRST]* .* \(.*\)$/extern char \1;/p'\'''
lt_cv_sys_global_symbol_to_import=
lt_cv_sys_max_cmd_len=196608
lt_cv_to_host_file_cmd=func_convert_file_noop
lt_cv_to_tool_file_cmd=func_convert_file_noop
mfx_cv_header_sane_limits_h=yes

## ----------------- ##
## Output variables. ##
## ----------------- ##

ACLOCAL='${SHELL} /Users/yimingz/X/source/shareDT/contrib/lzo-2.10/autoconf/missing aclocal-1.15'
AMDEPBACKSLASH='\'
AMDEP_FALSE='#'
AMDEP_TRUE=''
AMTAR='$${TAR-tar}'
AM_BACKSLASH='\'
AM_DEFAULT_V='$(AM_DEFAULT_VERBOSITY)'
AM_DEFAULT_VERBOSITY='0'
AM_V='$(V)'
AR='ar'
AUTOCONF='${SHELL} /Users/yimingz/X/source/shareDT/contrib/lzo-2.10/autoconf/missing autoconf'
AUTOHEADER='${SHELL} /Users/yimingz/X/source/shareDT/contrib/lzo-2.10/autoconf/missing autoheader'
AUTOMAKE='${SHELL} /Users/yimingz/X/source/shareDT/contrib/lzo-2.10/autoconf/missing automake-1.15'
AWK='awk'
CC='gcc'
CCAS='gcc'
CCASDEPMODE='depmode=gcc3'
CCASFLAGS='-g -O2'
CCDEPMODE='depmode=gcc3'
CFLAGS='-g -O2'
CPP='gcc -E'
CPPFLAGS=''
CYGPATH_W='echo'
DEFS='-DLZO_HAVE_CONFIG_H=1'
DEPDIR='.deps'
DLLTOOL='false'
DSYMUTIL='dsymutil'
DUMPBIN=''
ECHO_C='\c'
ECHO_N=''
ECHO_T=''
EGREP='/usr/bin/grep -E'
EXEEXT=''
FGREP='/usr/bin/grep -F'
GREP='/usr/bin/grep'
INSTALL_DATA='${INSTALL} -m 644'
INSTALL_PROGRAM='${INSTALL}'
INSTALL_SCRIPT='${INSTALL}'
INSTALL_STRIP_PROGRAM='$(install_sh) -c -s'
LD='/Applications/Xcode.app/Contents/Developer/Toolchains/XcodeDefault.xctoolchain/usr/bin/ld'
LDFLAGS=''
LIBOBJS=''
LIBS=''
LIBTOOL='$(SHELL) $(top_builddir)/libtool'
LIPO='lipo'
LN_S='ln -s'
LTLIBOBJS=''
LZO_USE_ASM_i386_obj_elf32_FALSE=''
LZO_USE_ASM_i386_obj_elf32_TRUE='#'
LZO_USE_ASM_i386_src_gas_FALSE=''
LZO_USE_ASM_i386_src_gas_TRUE='#'
MAINT='#'
MAINTAINER_MODE_FALSE=''
MAINTAINER_MODE_TRUE='#'
MAKEINFO='${SHELL} /Users/yimingz/X/source/shareDT/contrib/lzo-2.10/autoconf/missing makeinfo'
MANIFEST_TOOL=':'
MKDIR_P='autoconf/install-sh -c -d'
NM='/usr/bin/nm -B'
NMEDIT='nmedit'
OBJDUMP='objdump'
OBJEXT='o'
OTOOL64=':'
OTOOL='otool'
PACKAGE='lzo'
PACKAGE_BUGREPORT='markus@oberhumer.com'
PACKAGE_NAME='LZO'
PACKAGE_STRING='LZO 2.10'
PACKAGE_TARNAME='lzo'
PACKAGE_URL='http://www.oberhumer.com/opensource/lzo/'
PACKAGE_VERSION='2.10'
PATH_SEPARATOR=':'
RANLIB='ranlib'
SED='/usr/bin/sed'
SET_MAKE=''
SHELL='/bin/sh'
STRIP='strip'
VERSION='2.10'
ac_ct_AR='ar'
ac_ct_CC='gcc'
ac_ct_DUMPBIN=''
am__EXEEXT_FALSE=''
am__EXEEXT_TRUE='#'
am__fastdepCCAS_FALSE='#'
am__fastdepCCAS_TRUE=''
am__fastdepCC_FALSE='#'
am__fastdepCC_TRUE=''
am__include='include'
am__isrc=''
am__leading_dot='.'
am__nodep='_no'
am__quote=''
am__tar='$${TAR-tar} chof - "$$tardir"'
am__untar='$${TAR-tar} xf -'
bindir='${exec_prefix}/bin'
build='x86_64-apple-darwin19.6.0'
build_alias=''
build_cpu='x86_64'
build_os='darwin19.6.0'
build_vendor='apple'
datadir='${datarootdir}'
datarootdir='${prefix}/share'
docdir='${datarootdir}/doc/${PACKAGE_TARNAME}'
dvidir='${docdir}'
exec_prefix='${prefix}'
host='x86_64-apple-darwin19.6.0'
host_alias=''
host_cpu='x86_64'
host_os='darwin19.6.0'
host_vendor='apple'
htmldir='${docdir}'
includedir='${prefix}/include'
infodir='${datarootdir}/info'
install_sh='${SHELL} /Users/yimingz/X/source/shareDT/contrib/lzo-2.10/autoconf/install-sh'
libdir='${exec_prefix}/lib'
libexecdir='${exec_prefix}/libexec'
localedir='${datarootdir}/locale'
localstatedir='${prefix}/var'
mandir='${datarootdir}/man'
mkdir_p='$(MKDIR_P)'
oldincludedir='/usr/include'
pdfdir='${docdir}'
pkgconfigdir='${libdir}/pkgconfig'
prefix='/Users/yimingz/X/source/shareDT/contrib/lzo-2.10/install'
program_transform_name='s,x,x,'
psdir='${docdir}'
sbindir='${exec_prefix}/sbin'
sharedstatedir='${prefix}/com'
sysconfdir='${prefix}/etc'
target='x86_64-apple-darwin19.6.0'
target_alias=''
target_cpu='x86_64'
target_os='darwin19.6.0'
target_vendor='apple'

## ----------- ##
## confdefs.h. ##
## ----------- ##

/* confdefs.h */
#define PACKAGE_NAME "LZO"
#define PACKAGE_TARNAME "lzo"
#define PACKAGE_VERSION "2.10"
#define PACKAGE_STRING "LZO 2.10"
#define PACKAGE_BUGREPORT "markus@oberhumer.com"
#define PACKAGE_URL "http://www.oberhumer.com/opensource/lzo/"
#define STDC_HEADERS 1
#define HAVE_SYS_TYPES_H 1
#define HAVE_SYS_STAT_H 1
#define HAVE_STDLIB_H 1
#define HAVE_STRING_H 1
#define HAVE_MEMORY_H 1
#define HAVE_STRINGS_H 1
#define HAVE_INTTYPES_H 1
#define HAVE_STDINT_H 1
#define HAVE_UNISTD_H 1
#define LZO_ABI_LITTLE_ENDIAN 1
#define PACKAGE "lzo"
#define VERSION "2.10"
#define HAVE_DLFCN_H 1
#define LT_OBJDIR ".libs/"
#define TIME_WITH_SYS_TIME 1
#define HAVE_ASSERT_H 1
#define HAVE_CTYPE_H 1
#define HAVE_DIRENT_H 1
#define HAVE_ERRNO_H 1
#define HAVE_FCNTL_H 1
#define HAVE_FLOAT_H 1
#define HAVE_LIMITS_H 1
#define HAVE_MEMORY_H 1
#define HAVE_SETJMP_H 1
#define HAVE_SIGNAL_H 1
#define HAVE_STDARG_H 1
#define HAVE_STDDEF_H 1
#define HAVE_STDINT_H 1
#define HAVE_STDIO_H 1
#define HAVE_STDLIB_H 1
#define HAVE_STRING_H 1
#define HAVE_STRINGS_H 1
#define HAVE_TIME_H 1
#define HAVE_UNISTD_H 1
#define HAVE_UTIME_H 1
#define HAVE_SYS_MMAN_H 1
#define HAVE_SYS_RESOURCE_H 1
#define HAVE_SYS_STAT_H 1
#define HAVE_SYS_TIME_H 1
#define HAVE_SYS_TYPES_H 1
#define HAVE_SYS_WAIT_H 1
#define RETSIGTYPE void
#define SIZEOF_SHORT 2
#define SIZEOF_INT 4
#define SIZEOF_LONG 8
#define SIZEOF_LONG_LONG 8
#define SIZEOF___INT16 0
#define SIZEOF___INT32 0
#define SIZEOF___INT64 0
#define SIZEOF_VOID_P 8
#define SIZEOF_SIZE_T 8
#define SIZEOF_PTRDIFF_T 8
#define SIZEOF___INT32 0
#define SIZEOF_INTMAX_T 8
#define SIZEOF_UINTMAX_T 8
#define SIZEOF_INTPTR_T 8
#define SIZEOF_UINTPTR_T 8
#define SIZEOF_FLOAT 4
#define SIZEOF_DOUBLE 8
#define SIZEOF_LONG_DOUBLE 16
#define SIZEOF_DEV_T 4
#define SIZEOF_FPOS_T 8
#define SIZEOF_MODE_T 2
#define SIZEOF_OFF_T 8
#define SIZEOF_SSIZE_T 8
#define SIZEOF_TIME_T 8
#define HAVE_ACCESS 1
#define HAVE_ATEXIT 1
#define HAVE_ATOI 1
#define HAVE_ATOL 1
#define HAVE_CHMOD 1
#define HAVE_CHOWN 1
#define HAVE_CLOCK_GETRES 1
#define HAVE_CLOCK_GETTIME 1
#define HAVE_CTIME 1
#define HAVE_DIFFTIME 1
#define HAVE_FSTAT 1
#define HAVE_GETENV 1
#define HAVE_GETPAGESIZE 1
#define HAVE_GETRUSAGE 1
#define HAVE_GETTIMEOFDAY 1
#define HAVE_GMTIME 1
#define HAVE_ISATTY 1
#define HAVE_LOCALTIME 1
#define HAVE_LONGJMP 1
#define HAVE_LSTAT 1
#define HAVE_MEMCMP 1
#define HAVE_MEMCPY 1
#define HAVE_MEMMOVE 1
#define HAVE_MEMSET 1
#define HAVE_MKDIR 1
#define HAVE_MKTIME 1
#define HAVE_MMAP 1
#define HAVE_MPROTECT 1
#define HAVE_MUNMAP 1
#define HAVE_QSORT 1
#define HAVE_RAISE 1
#define HAVE_RMDIR 1
#define HAVE_SETJMP 1
#define HAVE_SIGNAL 1
#define HAVE_SNPRINTF 1
#define HAVE_STRCASECMP 1
#define HAVE_STRCHR 1
#define HAVE_STRDUP 1
#define HAVE_STRERROR 1
#define HAVE_STRFTIME 1
#define HAVE_STRNCASECMP 1
#define HAVE_STRRCHR 1
#define HAVE_STRSTR 1
#define HAVE_TIME 1
#define HAVE_UMASK 1
#define HAVE_UTIME 1
#define HAVE_VSNPRINTF 1

configure: exit 0
